

================================================================
== Vivado HLS Report for 'dot_prod_kernel'
================================================================
* Date:           Sat Oct 13 06:21:27 2018

* Version:        2018.2_AR71275_op (Build 2258646 on Thu Jun 14 20:25:20 MDT 2018)
* Project:        dot_prod_kernel
* Solution:       solution
* Product family: virtexuplus
* Target device:  xcvu9p-flgb2104-2-i


================================================================
== Performance Estimates
================================================================
+ Timing (ns): 
    * Summary: 
    +--------+-------+----------+------------+
    |  Clock | Target| Estimated| Uncertainty|
    +--------+-------+----------+------------+
    |ap_clk  |   4.00|     2.920|        1.08|
    +--------+-------+----------+------------+

+ Latency (clock cycles): 
    * Summary: 
    +------+-------+------+-------+---------+
    |    Latency   |   Interval   | Pipeline|
    |  min |  max  |  min |  max  |   Type  |
    +------+-------+------+-------+---------+
    |  2747|  10941|  2747|  10941|   none  |
    +------+-------+------+-------+---------+

    + Detail: 
        * Instance: 
        N/A

        * Loop: 
        +----------+------+------+----------+-----------+-----------+----------+----------+
        |          |   Latency   | Iteration|  Initiation Interval  |   Trip   |          |
        | Loop Name|  min |  max |  Latency |  achieved |   target  |   Count  | Pipelined|
        +----------+------+------+----------+-----------+-----------+----------+----------+
        |- Loop 1  |     0|  4097|         3|          1|          1| 0 ~ 4096 |    yes   |
        |- Loop 2  |     0|  4097|         3|          1|          1| 0 ~ 4096 |    yes   |
        |- Loop 3  |    16|    16|         1|          1|          1|        16|    yes   |
        |- Loop 4  |  2574|  2574|        25|         10|          1|       256|    yes   |
        |- Loop 5  |   128|   128|         9|          8|          2|        16|    yes   |
        +----------+------+------+----------+-----------+-----------+----------+----------+



================================================================
== Utilization Estimates
================================================================
* Summary: 
+-----------------+---------+-------+---------+---------+-----+
|       Name      | BRAM_18K| DSP48E|    FF   |   LUT   | URAM|
+-----------------+---------+-------+---------+---------+-----+
|DSP              |        -|      -|        -|        -|    -|
|Expression       |        -|      -|        0|      181|    -|
|FIFO             |        -|      -|        -|        -|    -|
|Instance         |        2|     10|     2230|     2277|    -|
|Memory           |       32|      -|        0|        0|    -|
|Multiplexer      |        -|      -|        -|     1535|    -|
|Register         |        0|      -|     3091|       32|    -|
+-----------------+---------+-------+---------+---------+-----+
|Total            |       34|     10|     5321|     4025|    0|
+-----------------+---------+-------+---------+---------+-----+
|Available        |     4320|   6840|  2364480|  1182240|  960|
+-----------------+---------+-------+---------+---------+-----+
|Utilization (%)  |    ~0   |   ~0  |    ~0   |    ~0   |    0|
+-----------------+---------+-------+---------+---------+-----+

+ Detail: 
    * Instance: 
    +----------------------------------------------------+-------------------------------------------------+---------+-------+-----+-----+
    |                      Instance                      |                      Module                     | BRAM_18K| DSP48E|  FF | LUT |
    +----------------------------------------------------+-------------------------------------------------+---------+-------+-----+-----+
    |dot_prod_kernel_control_s_axi_U                     |dot_prod_kernel_control_s_axi                    |        0|      0|  284|  488|
    |dot_prod_kernel_fadd_32ns_32ns_32_10_full_dsp_1_U1  |dot_prod_kernel_fadd_32ns_32ns_32_10_full_dsp_1  |        0|      2|  365|  238|
    |dot_prod_kernel_fadd_32ns_32ns_32_10_full_dsp_1_U2  |dot_prod_kernel_fadd_32ns_32ns_32_10_full_dsp_1  |        0|      2|  365|  238|
    |dot_prod_kernel_fadd_32ns_32ns_32_8_no_dsp_1_U3     |dot_prod_kernel_fadd_32ns_32ns_32_8_no_dsp_1     |        0|      0|  374|  376|
    |dot_prod_kernel_fmul_32ns_32ns_32_6_max_dsp_1_U4    |dot_prod_kernel_fmul_32ns_32ns_32_6_max_dsp_1    |        0|      3|  165|  146|
    |dot_prod_kernel_fmul_32ns_32ns_32_6_max_dsp_1_U5    |dot_prod_kernel_fmul_32ns_32ns_32_6_max_dsp_1    |        0|      3|  165|  146|
    |dot_prod_kernel_gmem_m_axi_U                        |dot_prod_kernel_gmem_m_axi                       |        2|      0|  512|  580|
    |dot_prod_kernel_mux_164_32_1_1_U6                   |dot_prod_kernel_mux_164_32_1_1                   |        0|      0|    0|   65|
    +----------------------------------------------------+-------------------------------------------------+---------+-------+-----+-----+
    |Total                                               |                                                 |        2|     10| 2230| 2277|
    +----------------------------------------------------+-------------------------------------------------+---------+-------+-----+-----+

    * DSP48: 
    N/A

    * Memory: 
    +--------------+---------------------------+---------+---+----+------+-----+------+-------------+
    |    Memory    |           Module          | BRAM_18K| FF| LUT| Words| Bits| Banks| W*Bits*Banks|
    +--------------+---------------------------+---------+---+----+------+-----+------+-------------+
    |local_a_0_U   |dot_prod_kernel_local_a_0  |        1|  0|   0|   256|   32|     1|         8192|
    |local_a_1_U   |dot_prod_kernel_local_a_0  |        1|  0|   0|   256|   32|     1|         8192|
    |local_a_2_U   |dot_prod_kernel_local_a_0  |        1|  0|   0|   256|   32|     1|         8192|
    |local_a_3_U   |dot_prod_kernel_local_a_0  |        1|  0|   0|   256|   32|     1|         8192|
    |local_a_4_U   |dot_prod_kernel_local_a_0  |        1|  0|   0|   256|   32|     1|         8192|
    |local_a_5_U   |dot_prod_kernel_local_a_0  |        1|  0|   0|   256|   32|     1|         8192|
    |local_a_6_U   |dot_prod_kernel_local_a_0  |        1|  0|   0|   256|   32|     1|         8192|
    |local_a_7_U   |dot_prod_kernel_local_a_0  |        1|  0|   0|   256|   32|     1|         8192|
    |local_a_8_U   |dot_prod_kernel_local_a_0  |        1|  0|   0|   256|   32|     1|         8192|
    |local_a_9_U   |dot_prod_kernel_local_a_0  |        1|  0|   0|   256|   32|     1|         8192|
    |local_a_10_U  |dot_prod_kernel_local_a_0  |        1|  0|   0|   256|   32|     1|         8192|
    |local_a_11_U  |dot_prod_kernel_local_a_0  |        1|  0|   0|   256|   32|     1|         8192|
    |local_a_12_U  |dot_prod_kernel_local_a_0  |        1|  0|   0|   256|   32|     1|         8192|
    |local_a_13_U  |dot_prod_kernel_local_a_0  |        1|  0|   0|   256|   32|     1|         8192|
    |local_a_14_U  |dot_prod_kernel_local_a_0  |        1|  0|   0|   256|   32|     1|         8192|
    |local_a_15_U  |dot_prod_kernel_local_a_0  |        1|  0|   0|   256|   32|     1|         8192|
    |local_b_0_U   |dot_prod_kernel_local_a_0  |        1|  0|   0|   256|   32|     1|         8192|
    |local_b_1_U   |dot_prod_kernel_local_a_0  |        1|  0|   0|   256|   32|     1|         8192|
    |local_b_2_U   |dot_prod_kernel_local_a_0  |        1|  0|   0|   256|   32|     1|         8192|
    |local_b_3_U   |dot_prod_kernel_local_a_0  |        1|  0|   0|   256|   32|     1|         8192|
    |local_b_4_U   |dot_prod_kernel_local_a_0  |        1|  0|   0|   256|   32|     1|         8192|
    |local_b_5_U   |dot_prod_kernel_local_a_0  |        1|  0|   0|   256|   32|     1|         8192|
    |local_b_6_U   |dot_prod_kernel_local_a_0  |        1|  0|   0|   256|   32|     1|         8192|
    |local_b_7_U   |dot_prod_kernel_local_a_0  |        1|  0|   0|   256|   32|     1|         8192|
    |local_b_8_U   |dot_prod_kernel_local_a_0  |        1|  0|   0|   256|   32|     1|         8192|
    |local_b_9_U   |dot_prod_kernel_local_a_0  |        1|  0|   0|   256|   32|     1|         8192|
    |local_b_10_U  |dot_prod_kernel_local_a_0  |        1|  0|   0|   256|   32|     1|         8192|
    |local_b_11_U  |dot_prod_kernel_local_a_0  |        1|  0|   0|   256|   32|     1|         8192|
    |local_b_12_U  |dot_prod_kernel_local_a_0  |        1|  0|   0|   256|   32|     1|         8192|
    |local_b_13_U  |dot_prod_kernel_local_a_0  |        1|  0|   0|   256|   32|     1|         8192|
    |local_b_14_U  |dot_prod_kernel_local_a_0  |        1|  0|   0|   256|   32|     1|         8192|
    |local_b_15_U  |dot_prod_kernel_local_a_0  |        1|  0|   0|   256|   32|     1|         8192|
    +--------------+---------------------------+---------+---+----+------+-----+------+-------------+
    |Total         |                           |       32|  0|   0|  8192| 1024|    32|       262144|
    +--------------+---------------------------+---------+---+----+------+-----+------+-------------+

    * FIFO: 
    N/A

    * Expression: 
    +---------------------------+----------+-------+---+----+------------+------------+
    |       Variable Name       | Operation| DSP48E| FF| LUT| Bitwidth P0| Bitwidth P1|
    +---------------------------+----------+-------+---+----+------------+------------+
    |i_1_fu_1340_p2             |     +    |      0|  0|  20|          13|           1|
    |i_2_fu_1388_p2             |     +    |      0|  0|  20|          13|           1|
    |i_3_fu_1577_p2             |     +    |      0|  0|  16|           9|           1|
    |j_1_fu_1481_p2             |     +    |      0|  0|  15|           5|           1|
    |j_2_fu_1597_p2             |     +    |      0|  0|  15|           5|           1|
    |ap_block_pp0_stage0_11001  |    and   |      0|  0|   2|           1|           1|
    |ap_block_pp1_stage0_11001  |    and   |      0|  0|   2|           1|           1|
    |exitcond2_fu_1571_p2       |   icmp   |      0|  0|  13|           9|          10|
    |exitcond3_fu_1475_p2       |   icmp   |      0|  0|  11|           5|           6|
    |exitcond_fu_1591_p2        |   icmp   |      0|  0|  11|           5|           6|
    |tmp_1_fu_1335_p2           |   icmp   |      0|  0|  20|          32|          32|
    |tmp_4_fu_1383_p2           |   icmp   |      0|  0|  20|          32|          32|
    |ap_enable_pp0              |    xor   |      0|  0|   2|           1|           2|
    |ap_enable_pp1              |    xor   |      0|  0|   2|           1|           2|
    |ap_enable_pp3              |    xor   |      0|  0|   2|           1|           2|
    |ap_enable_pp4              |    xor   |      0|  0|   2|           1|           2|
    |ap_enable_reg_pp0_iter1    |    xor   |      0|  0|   2|           2|           1|
    |ap_enable_reg_pp1_iter1    |    xor   |      0|  0|   2|           2|           1|
    |ap_enable_reg_pp3_iter1    |    xor   |      0|  0|   2|           2|           1|
    |ap_enable_reg_pp4_iter1    |    xor   |      0|  0|   2|           2|           1|
    +---------------------------+----------+-------+---+----+------------+------------+
    |Total                      |          |      0|  0| 181|         142|         105|
    +---------------------------+----------+-------+---+----+------------+------------+

    * Multiplexer: 
    +----------------------------------+-----+-----------+-----+-----------+
    |               Name               | LUT | Input Size| Bits| Total Bits|
    +----------------------------------+-----+-----------+-----+-----------+
    |ap_NS_fsm                         |  205|         47|    1|         47|
    |ap_enable_reg_pp0_iter1           |    9|          2|    1|          2|
    |ap_enable_reg_pp0_iter2           |    9|          2|    1|          2|
    |ap_enable_reg_pp1_iter1           |    9|          2|    1|          2|
    |ap_enable_reg_pp1_iter2           |    9|          2|    1|          2|
    |ap_enable_reg_pp3_iter1           |    9|          2|    1|          2|
    |ap_enable_reg_pp3_iter2           |    9|          2|    1|          2|
    |ap_enable_reg_pp4_iter1           |   15|          3|    1|          3|
    |ap_phi_mux_i2_phi_fu_1203_p4      |    9|          2|    9|         18|
    |ap_phi_mux_j4_phi_fu_1227_p4      |    9|          2|    5|         10|
    |ap_phi_mux_tmp_21_phi_fu_1062_p4  |    9|          2|   32|         64|
    |ap_phi_mux_tmp_22_phi_fu_1072_p4  |    9|          2|   32|         64|
    |ap_phi_mux_tmp_23_phi_fu_1082_p4  |    9|          2|   32|         64|
    |ap_phi_mux_tmp_24_phi_fu_1092_p4  |    9|          2|   32|         64|
    |ap_phi_mux_tmp_25_phi_fu_1102_p4  |    9|          2|   32|         64|
    |ap_phi_mux_tmp_26_phi_fu_1112_p4  |    9|          2|   32|         64|
    |ap_phi_mux_tmp_27_phi_fu_1122_p4  |    9|          2|   32|         64|
    |ap_phi_mux_tmp_28_phi_fu_1132_p4  |    9|          2|   32|         64|
    |ap_phi_mux_tmp_29_phi_fu_1142_p4  |    9|          2|   32|         64|
    |ap_phi_mux_tmp_30_phi_fu_1152_p4  |    9|          2|   32|         64|
    |ap_phi_mux_tmp_31_phi_fu_1162_p4  |    9|          2|   32|         64|
    |ap_phi_mux_tmp_32_phi_fu_1172_p4  |    9|          2|   32|         64|
    |ap_phi_mux_tmp_33_phi_fu_1182_p4  |    9|          2|   32|         64|
    |ap_phi_mux_tmp_34_phi_fu_1192_p4  |    9|          2|   32|         64|
    |ap_sig_ioackin_gmem_ARREADY       |    9|          2|    1|          2|
    |ap_sig_ioackin_gmem_AWREADY       |    9|          2|    1|          2|
    |ap_sig_ioackin_gmem_WREADY        |    9|          2|    1|          2|
    |gmem_ARADDR                       |   15|          3|   64|        192|
    |gmem_blk_n_AR                     |    9|          2|    1|          2|
    |gmem_blk_n_AW                     |    9|          2|    1|          2|
    |gmem_blk_n_B                      |    9|          2|    1|          2|
    |gmem_blk_n_R                      |    9|          2|    1|          2|
    |gmem_blk_n_W                      |    9|          2|    1|          2|
    |grp_fu_1234_p0                    |   44|          9|   32|        288|
    |grp_fu_1234_p1                    |   44|          9|   32|        288|
    |grp_fu_1239_p0                    |   44|          9|   32|        288|
    |grp_fu_1239_p1                    |   44|          9|   32|        288|
    |grp_fu_1263_p0                    |   44|          9|   32|        288|
    |grp_fu_1263_p1                    |   44|          9|   32|        288|
    |grp_fu_1267_p0                    |   44|          9|   32|        288|
    |grp_fu_1267_p1                    |   44|          9|   32|        288|
    |i1_reg_1017                       |    9|          2|   13|         26|
    |i2_reg_1199                       |    9|          2|    9|         18|
    |i_reg_1006                        |    9|          2|   13|         26|
    |j4_reg_1223                       |    9|          2|    5|         10|
    |j_reg_1028                        |    9|          2|    5|         10|
    |local_a_0_address0                |   15|          3|    8|         24|
    |local_a_10_address0               |   15|          3|    8|         24|
    |local_a_11_address0               |   15|          3|    8|         24|
    |local_a_12_address0               |   15|          3|    8|         24|
    |local_a_13_address0               |   15|          3|    8|         24|
    |local_a_14_address0               |   15|          3|    8|         24|
    |local_a_15_address0               |   15|          3|    8|         24|
    |local_a_1_address0                |   15|          3|    8|         24|
    |local_a_2_address0                |   15|          3|    8|         24|
    |local_a_3_address0                |   15|          3|    8|         24|
    |local_a_4_address0                |   15|          3|    8|         24|
    |local_a_5_address0                |   15|          3|    8|         24|
    |local_a_6_address0                |   15|          3|    8|         24|
    |local_a_7_address0                |   15|          3|    8|         24|
    |local_a_8_address0                |   15|          3|    8|         24|
    |local_a_9_address0                |   15|          3|    8|         24|
    |local_b_0_address0                |   15|          3|    8|         24|
    |local_b_10_address0               |   15|          3|    8|         24|
    |local_b_11_address0               |   15|          3|    8|         24|
    |local_b_12_address0               |   15|          3|    8|         24|
    |local_b_13_address0               |   15|          3|    8|         24|
    |local_b_14_address0               |   15|          3|    8|         24|
    |local_b_15_address0               |   15|          3|    8|         24|
    |local_b_1_address0                |   15|          3|    8|         24|
    |local_b_2_address0                |   15|          3|    8|         24|
    |local_b_3_address0                |   15|          3|    8|         24|
    |local_b_4_address0                |   15|          3|    8|         24|
    |local_b_5_address0                |   15|          3|    8|         24|
    |local_b_6_address0                |   15|          3|    8|         24|
    |local_b_7_address0                |   15|          3|    8|         24|
    |local_b_8_address0                |   15|          3|    8|         24|
    |local_b_9_address0                |   15|          3|    8|         24|
    |local_result_reg_1210             |    9|          2|   32|         64|
    |tmp_19_reg_1039                   |    9|          2|   32|         64|
    |tmp_20_reg_1049                   |    9|          2|   32|         64|
    |tmp_21_reg_1059                   |    9|          2|   32|         64|
    |tmp_22_reg_1069                   |    9|          2|   32|         64|
    |tmp_23_reg_1079                   |    9|          2|   32|         64|
    |tmp_24_reg_1089                   |    9|          2|   32|         64|
    |tmp_25_reg_1099                   |    9|          2|   32|         64|
    |tmp_26_reg_1109                   |    9|          2|   32|         64|
    |tmp_27_reg_1119                   |    9|          2|   32|         64|
    |tmp_28_reg_1129                   |    9|          2|   32|         64|
    |tmp_29_reg_1139                   |    9|          2|   32|         64|
    |tmp_30_reg_1149                   |    9|          2|   32|         64|
    |tmp_31_reg_1159                   |    9|          2|   32|         64|
    |tmp_32_reg_1169                   |    9|          2|   32|         64|
    |tmp_33_reg_1179                   |    9|          2|   32|         64|
    |tmp_34_reg_1189                   |    9|          2|   32|         64|
    +----------------------------------+-----+-----------+-----+-----------+
    |Total                             | 1535|        325| 1643|       5444|
    +----------------------------------+-----+-----------+-----+-----------+

    * Register: 
    +----------------------------------+----+----+-----+-----------+
    |               Name               | FF | LUT| Bits| Const Bits|
    +----------------------------------+----+----+-----+-----------+
    |ap_CS_fsm                         |  46|   0|   46|          0|
    |ap_enable_reg_pp0_iter0           |   1|   0|    1|          0|
    |ap_enable_reg_pp0_iter1           |   1|   0|    1|          0|
    |ap_enable_reg_pp0_iter2           |   1|   0|    1|          0|
    |ap_enable_reg_pp1_iter0           |   1|   0|    1|          0|
    |ap_enable_reg_pp1_iter1           |   1|   0|    1|          0|
    |ap_enable_reg_pp1_iter2           |   1|   0|    1|          0|
    |ap_enable_reg_pp3_iter0           |   1|   0|    1|          0|
    |ap_enable_reg_pp3_iter1           |   1|   0|    1|          0|
    |ap_enable_reg_pp3_iter2           |   1|   0|    1|          0|
    |ap_enable_reg_pp4_iter0           |   1|   0|    1|          0|
    |ap_enable_reg_pp4_iter1           |   1|   0|    1|          0|
    |ap_reg_ioackin_gmem_ARREADY       |   1|   0|    1|          0|
    |ap_reg_ioackin_gmem_AWREADY       |   1|   0|    1|          0|
    |ap_reg_ioackin_gmem_WREADY        |   1|   0|    1|          0|
    |ap_rst_n_inv                      |   1|   0|    1|          0|
    |ap_rst_reg_1                      |   1|   0|    1|          0|
    |ap_rst_reg_2                      |   1|   0|    1|          0|
    |exitcond2_reg_1934                |   1|   0|    1|          0|
    |exitcond_reg_2455                 |   1|   0|    1|          0|
    |gmem_addr_1_read_reg_1727         |  32|   0|   32|          0|
    |gmem_addr_1_reg_1659              |  62|   0|   64|          2|
    |gmem_addr_2_read_reg_1689         |  32|   0|   32|          0|
    |gmem_addr_2_reg_1665              |  62|   0|   64|          2|
    |gmem_addr_reg_1653                |  62|   0|   64|          2|
    |i1_reg_1017                       |  13|   0|   13|          0|
    |i2_reg_1199                       |   9|   0|    9|          0|
    |i3_reg_1943                       |   9|   0|   64|         55|
    |i_3_reg_1938                      |   9|   0|    9|          0|
    |i_reg_1006                        |  13|   0|   13|          0|
    |j4_reg_1223                       |   5|   0|    5|          0|
    |j_2_reg_2459                      |   5|   0|    5|          0|
    |j_reg_1028                        |   5|   0|    5|          0|
    |local_a_0_load_reg_1995           |  32|   0|   32|          0|
    |local_a_10_load_reg_2195          |  32|   0|   32|          0|
    |local_a_11_load_reg_2205          |  32|   0|   32|          0|
    |local_a_12_load_reg_2245          |  32|   0|   32|          0|
    |local_a_13_load_reg_2255          |  32|   0|   32|          0|
    |local_a_14_load_reg_2295          |  32|   0|   32|          0|
    |local_a_15_load_reg_2305          |  32|   0|   32|          0|
    |local_a_1_load_reg_2005           |  32|   0|   32|          0|
    |local_a_2_load_reg_2035           |  32|   0|   32|          0|
    |local_a_3_load_reg_2045           |  32|   0|   32|          0|
    |local_a_4_load_reg_2075           |  32|   0|   32|          0|
    |local_a_5_load_reg_2085           |  32|   0|   32|          0|
    |local_a_6_load_reg_2115           |  32|   0|   32|          0|
    |local_a_7_load_reg_2125           |  32|   0|   32|          0|
    |local_a_8_load_reg_2155           |  32|   0|   32|          0|
    |local_a_9_load_reg_2165           |  32|   0|   32|          0|
    |local_b_0_load_reg_2000           |  32|   0|   32|          0|
    |local_b_10_load_reg_2200          |  32|   0|   32|          0|
    |local_b_11_load_reg_2210          |  32|   0|   32|          0|
    |local_b_12_load_reg_2250          |  32|   0|   32|          0|
    |local_b_13_load_reg_2260          |  32|   0|   32|          0|
    |local_b_14_load_reg_2300          |  32|   0|   32|          0|
    |local_b_15_load_reg_2310          |  32|   0|   32|          0|
    |local_b_1_load_reg_2010           |  32|   0|   32|          0|
    |local_b_2_load_reg_2040           |  32|   0|   32|          0|
    |local_b_3_load_reg_2050           |  32|   0|   32|          0|
    |local_b_4_load_reg_2080           |  32|   0|   32|          0|
    |local_b_5_load_reg_2090           |  32|   0|   32|          0|
    |local_b_6_load_reg_2120           |  32|   0|   32|          0|
    |local_b_7_load_reg_2130           |  32|   0|   32|          0|
    |local_b_8_load_reg_2160           |  32|   0|   32|          0|
    |local_b_9_load_reg_2170           |  32|   0|   32|          0|
    |local_result_reg_1210             |  32|   0|   32|          0|
    |newIndex2_reg_1722                |   9|   0|    9|          0|
    |newIndex2_reg_1722_pp1_iter1_reg  |   9|   0|    9|          0|
    |newIndex_reg_1684                 |   9|   0|    9|          0|
    |newIndex_reg_1684_pp0_iter1_reg   |   9|   0|    9|          0|
    |num_elems_read_reg_1645           |  32|   0|   32|          0|
    |tmp_10_10_reg_2350                |  32|   0|   32|          0|
    |tmp_10_11_reg_2355                |  32|   0|   32|          0|
    |tmp_10_12_reg_2360                |  32|   0|   32|          0|
    |tmp_10_13_reg_2365                |  32|   0|   32|          0|
    |tmp_10_14_reg_2370                |  32|   0|   32|          0|
    |tmp_10_1_reg_2240                 |  32|   0|   32|          0|
    |tmp_10_2_reg_2285                 |  32|   0|   32|          0|
    |tmp_10_3_reg_2290                 |  32|   0|   32|          0|
    |tmp_10_4_reg_2315                 |  32|   0|   32|          0|
    |tmp_10_5_reg_2320                 |  32|   0|   32|          0|
    |tmp_10_6_reg_2325                 |  32|   0|   32|          0|
    |tmp_10_7_reg_2330                 |  32|   0|   32|          0|
    |tmp_10_8_reg_2335                 |  32|   0|   32|          0|
    |tmp_10_9_reg_2340                 |  32|   0|   32|          0|
    |tmp_10_s_reg_2345                 |  32|   0|   32|          0|
    |tmp_11_10_reg_2430                |  32|   0|   32|          0|
    |tmp_11_11_reg_2435                |  32|   0|   32|          0|
    |tmp_11_12_reg_2440                |  32|   0|   32|          0|
    |tmp_11_1_reg_2380                 |  32|   0|   32|          0|
    |tmp_11_2_reg_2385                 |  32|   0|   32|          0|
    |tmp_11_3_reg_2390                 |  32|   0|   32|          0|
    |tmp_11_4_reg_2395                 |  32|   0|   32|          0|
    |tmp_11_5_reg_2400                 |  32|   0|   32|          0|
    |tmp_11_6_reg_2405                 |  32|   0|   32|          0|
    |tmp_11_7_reg_2410                 |  32|   0|   32|          0|
    |tmp_11_8_reg_2415                 |  32|   0|   32|          0|
    |tmp_11_9_reg_2420                 |  32|   0|   32|          0|
    |tmp_11_s_reg_2425                 |  32|   0|   32|          0|
    |tmp_19_reg_1039                   |  32|   0|   32|          0|
    |tmp_20_reg_1049                   |  32|   0|   32|          0|
    |tmp_21_reg_1059                   |  32|   0|   32|          0|
    |tmp_22_reg_1069                   |  32|   0|   32|          0|
    |tmp_23_reg_1079                   |  32|   0|   32|          0|
    |tmp_24_reg_1089                   |  32|   0|   32|          0|
    |tmp_25_reg_1099                   |  32|   0|   32|          0|
    |tmp_26_reg_1109                   |  32|   0|   32|          0|
    |tmp_27_reg_1119                   |  32|   0|   32|          0|
    |tmp_28_reg_1129                   |  32|   0|   32|          0|
    |tmp_29_reg_1139                   |  32|   0|   32|          0|
    |tmp_30_reg_1149                   |  32|   0|   32|          0|
    |tmp_31_reg_1159                   |  32|   0|   32|          0|
    |tmp_32_reg_1169                   |  32|   0|   32|          0|
    |tmp_33_reg_1179                   |  32|   0|   32|          0|
    |tmp_34_reg_1189                   |  32|   0|   32|          0|
    |tmp_36_reg_2235                   |  32|   0|   32|          0|
    |tmp_39_reg_1680                   |   4|   0|    4|          0|
    |tmp_39_reg_1680_pp0_iter1_reg     |   4|   0|    4|          0|
    |tmp_40_reg_1718                   |   4|   0|    4|          0|
    |tmp_40_reg_1718_pp1_iter1_reg     |   4|   0|    4|          0|
    |tmp_42_reg_2375                   |  32|   0|   32|          0|
    |tmp_44_reg_2464                   |  32|   0|   32|          0|
    |exitcond2_reg_1934                |  64|  32|    1|          0|
    +----------------------------------+----+----+-----+-----------+
    |Total                             |3091|  32| 3089|         61|
    +----------------------------------+----+----+-----+-----------+



================================================================
== Interface
================================================================
* Summary: 
+-----------------------+-----+-----+------------+-----------------+--------------+
|       RTL Ports       | Dir | Bits|  Protocol  |  Source Object  |    C Type    |
+-----------------------+-----+-----+------------+-----------------+--------------+
|s_axi_control_AWVALID  |  in |    1|    s_axi   |     control     |    scalar    |
|s_axi_control_AWREADY  | out |    1|    s_axi   |     control     |    scalar    |
|s_axi_control_AWADDR   |  in |    6|    s_axi   |     control     |    scalar    |
|s_axi_control_WVALID   |  in |    1|    s_axi   |     control     |    scalar    |
|s_axi_control_WREADY   | out |    1|    s_axi   |     control     |    scalar    |
|s_axi_control_WDATA    |  in |   32|    s_axi   |     control     |    scalar    |
|s_axi_control_WSTRB    |  in |    4|    s_axi   |     control     |    scalar    |
|s_axi_control_ARVALID  |  in |    1|    s_axi   |     control     |    scalar    |
|s_axi_control_ARREADY  | out |    1|    s_axi   |     control     |    scalar    |
|s_axi_control_ARADDR   |  in |    6|    s_axi   |     control     |    scalar    |
|s_axi_control_RVALID   | out |    1|    s_axi   |     control     |    scalar    |
|s_axi_control_RREADY   |  in |    1|    s_axi   |     control     |    scalar    |
|s_axi_control_RDATA    | out |   32|    s_axi   |     control     |    scalar    |
|s_axi_control_RRESP    | out |    2|    s_axi   |     control     |    scalar    |
|s_axi_control_BVALID   | out |    1|    s_axi   |     control     |    scalar    |
|s_axi_control_BREADY   |  in |    1|    s_axi   |     control     |    scalar    |
|s_axi_control_BRESP    | out |    2|    s_axi   |     control     |    scalar    |
|ap_clk                 |  in |    1| ap_ctrl_hs | dot_prod_kernel | return value |
|ap_rst_n               |  in |    1| ap_ctrl_hs | dot_prod_kernel | return value |
|interrupt              | out |    1| ap_ctrl_hs | dot_prod_kernel | return value |
|m_axi_gmem_AWVALID     | out |    1|    m_axi   |       gmem      |    pointer   |
|m_axi_gmem_AWREADY     |  in |    1|    m_axi   |       gmem      |    pointer   |
|m_axi_gmem_AWADDR      | out |   64|    m_axi   |       gmem      |    pointer   |
|m_axi_gmem_AWID        | out |    1|    m_axi   |       gmem      |    pointer   |
|m_axi_gmem_AWLEN       | out |    8|    m_axi   |       gmem      |    pointer   |
|m_axi_gmem_AWSIZE      | out |    3|    m_axi   |       gmem      |    pointer   |
|m_axi_gmem_AWBURST     | out |    2|    m_axi   |       gmem      |    pointer   |
|m_axi_gmem_AWLOCK      | out |    2|    m_axi   |       gmem      |    pointer   |
|m_axi_gmem_AWCACHE     | out |    4|    m_axi   |       gmem      |    pointer   |
|m_axi_gmem_AWPROT      | out |    3|    m_axi   |       gmem      |    pointer   |
|m_axi_gmem_AWQOS       | out |    4|    m_axi   |       gmem      |    pointer   |
|m_axi_gmem_AWREGION    | out |    4|    m_axi   |       gmem      |    pointer   |
|m_axi_gmem_AWUSER      | out |    1|    m_axi   |       gmem      |    pointer   |
|m_axi_gmem_WVALID      | out |    1|    m_axi   |       gmem      |    pointer   |
|m_axi_gmem_WREADY      |  in |    1|    m_axi   |       gmem      |    pointer   |
|m_axi_gmem_WDATA       | out |   32|    m_axi   |       gmem      |    pointer   |
|m_axi_gmem_WSTRB       | out |    4|    m_axi   |       gmem      |    pointer   |
|m_axi_gmem_WLAST       | out |    1|    m_axi   |       gmem      |    pointer   |
|m_axi_gmem_WID         | out |    1|    m_axi   |       gmem      |    pointer   |
|m_axi_gmem_WUSER       | out |    1|    m_axi   |       gmem      |    pointer   |
|m_axi_gmem_ARVALID     | out |    1|    m_axi   |       gmem      |    pointer   |
|m_axi_gmem_ARREADY     |  in |    1|    m_axi   |       gmem      |    pointer   |
|m_axi_gmem_ARADDR      | out |   64|    m_axi   |       gmem      |    pointer   |
|m_axi_gmem_ARID        | out |    1|    m_axi   |       gmem      |    pointer   |
|m_axi_gmem_ARLEN       | out |    8|    m_axi   |       gmem      |    pointer   |
|m_axi_gmem_ARSIZE      | out |    3|    m_axi   |       gmem      |    pointer   |
|m_axi_gmem_ARBURST     | out |    2|    m_axi   |       gmem      |    pointer   |
|m_axi_gmem_ARLOCK      | out |    2|    m_axi   |       gmem      |    pointer   |
|m_axi_gmem_ARCACHE     | out |    4|    m_axi   |       gmem      |    pointer   |
|m_axi_gmem_ARPROT      | out |    3|    m_axi   |       gmem      |    pointer   |
|m_axi_gmem_ARQOS       | out |    4|    m_axi   |       gmem      |    pointer   |
|m_axi_gmem_ARREGION    | out |    4|    m_axi   |       gmem      |    pointer   |
|m_axi_gmem_ARUSER      | out |    1|    m_axi   |       gmem      |    pointer   |
|m_axi_gmem_RVALID      |  in |    1|    m_axi   |       gmem      |    pointer   |
|m_axi_gmem_RREADY      | out |    1|    m_axi   |       gmem      |    pointer   |
|m_axi_gmem_RDATA       |  in |   32|    m_axi   |       gmem      |    pointer   |
|m_axi_gmem_RLAST       |  in |    1|    m_axi   |       gmem      |    pointer   |
|m_axi_gmem_RID         |  in |    1|    m_axi   |       gmem      |    pointer   |
|m_axi_gmem_RUSER       |  in |    1|    m_axi   |       gmem      |    pointer   |
|m_axi_gmem_RRESP       |  in |    2|    m_axi   |       gmem      |    pointer   |
|m_axi_gmem_BVALID      |  in |    1|    m_axi   |       gmem      |    pointer   |
|m_axi_gmem_BREADY      | out |    1|    m_axi   |       gmem      |    pointer   |
|m_axi_gmem_BRESP       |  in |    2|    m_axi   |       gmem      |    pointer   |
|m_axi_gmem_BID         |  in |    1|    m_axi   |       gmem      |    pointer   |
|m_axi_gmem_BUSER       |  in |    1|    m_axi   |       gmem      |    pointer   |
+-----------------------+-----+-----+------------+-----------------+--------------+

