

================================================================
== Vivado HLS Report for 'dot_prod_kernel'
================================================================
* Date:           Sat Oct 13 06:29:26 2018

* Version:        2018.2_AR71275_op (Build 2258646 on Thu Jun 14 20:25:20 MDT 2018)
* Project:        dot_prod_kernel
* Solution:       solution
* Product family: virtexuplus
* Target device:  xcvu9p-flgb2104-2-i


================================================================
== Performance Estimates
================================================================
+ Timing (ns): 
    * Summary: 
    +--------+-------+----------+------------+
    |  Clock | Target| Estimated| Uncertainty|
    +--------+-------+----------+------------+
    |ap_clk  |   4.00|     2.920|        1.08|
    +--------+-------+----------+------------+

+ Latency (clock cycles): 
    * Summary: 
    +------+------+------+------+---------+
    |   Latency   |   Interval  | Pipeline|
    |  min |  max |  min |  max |   Type  |
    +------+------+------+------+---------+
    |  1611|  9805|  1611|  9805|   none  |
    +------+------+------+------+---------+

    + Detail: 
        * Instance: 
        N/A

        * Loop: 
        +----------+------+------+----------+-----------+-----------+----------+----------+
        |          |   Latency   | Iteration|  Initiation Interval  |   Trip   |          |
        | Loop Name|  min |  max |  Latency |  achieved |   target  |   Count  | Pipelined|
        +----------+------+------+----------+-----------+-----------+----------+----------+
        |- Loop 1  |     0|  4097|         3|          1|          1| 0 ~ 4096 |    yes   |
        |- Loop 2  |     0|  4097|         3|          1|          1| 0 ~ 4096 |    yes   |
        |- Loop 3  |    32|    32|         1|          1|          1|        32|    yes   |
        |- Loop 4  |  1294|  1294|        25|         10|          1|       128|    yes   |
        |- Loop 5  |   256|   256|         9|          8|          2|        32|    yes   |
        +----------+------+------+----------+-----------+-----------+----------+----------+



================================================================
== Utilization Estimates
================================================================
* Summary: 
+-----------------+---------+-------+---------+---------+-----+
|       Name      | BRAM_18K| DSP48E|    FF   |   LUT   | URAM|
+-----------------+---------+-------+---------+---------+-----+
|DSP              |        -|      -|        -|        -|    -|
|Expression       |        -|      -|        0|      180|    -|
|FIFO             |        -|      -|        -|        -|    -|
|Instance         |        2|     20|     3290|     3133|    -|
|Memory           |       64|      -|        0|        0|    -|
|Multiplexer      |        -|      -|        -|     2637|    -|
|Register         |        0|      -|     5587|       32|    -|
+-----------------+---------+-------+---------+---------+-----+
|Total            |       66|     20|     8877|     5982|    0|
+-----------------+---------+-------+---------+---------+-----+
|Available        |     4320|   6840|  2364480|  1182240|  960|
+-----------------+---------+-------+---------+---------+-----+
|Utilization (%)  |        1|   ~0  |    ~0   |    ~0   |    0|
+-----------------+---------+-------+---------+---------+-----+

+ Detail: 
    * Instance: 
    +----------------------------------------------------+-------------------------------------------------+---------+-------+-----+-----+
    |                      Instance                      |                      Module                     | BRAM_18K| DSP48E|  FF | LUT |
    +----------------------------------------------------+-------------------------------------------------+---------+-------+-----+-----+
    |dot_prod_kernel_control_s_axi_U                     |dot_prod_kernel_control_s_axi                    |        0|      0|  284|  488|
    |dot_prod_kernel_fadd_32ns_32ns_32_10_full_dsp_1_U1  |dot_prod_kernel_fadd_32ns_32ns_32_10_full_dsp_1  |        0|      2|  365|  238|
    |dot_prod_kernel_fadd_32ns_32ns_32_10_full_dsp_1_U2  |dot_prod_kernel_fadd_32ns_32ns_32_10_full_dsp_1  |        0|      2|  365|  238|
    |dot_prod_kernel_fadd_32ns_32ns_32_10_full_dsp_1_U3  |dot_prod_kernel_fadd_32ns_32ns_32_10_full_dsp_1  |        0|      2|  365|  238|
    |dot_prod_kernel_fadd_32ns_32ns_32_10_full_dsp_1_U4  |dot_prod_kernel_fadd_32ns_32ns_32_10_full_dsp_1  |        0|      2|  365|  238|
    |dot_prod_kernel_fadd_32ns_32ns_32_8_no_dsp_1_U5     |dot_prod_kernel_fadd_32ns_32ns_32_8_no_dsp_1     |        0|      0|  374|  376|
    |dot_prod_kernel_fmul_32ns_32ns_32_6_max_dsp_1_U6    |dot_prod_kernel_fmul_32ns_32ns_32_6_max_dsp_1    |        0|      3|  165|  146|
    |dot_prod_kernel_fmul_32ns_32ns_32_6_max_dsp_1_U7    |dot_prod_kernel_fmul_32ns_32ns_32_6_max_dsp_1    |        0|      3|  165|  146|
    |dot_prod_kernel_fmul_32ns_32ns_32_6_max_dsp_1_U8    |dot_prod_kernel_fmul_32ns_32ns_32_6_max_dsp_1    |        0|      3|  165|  146|
    |dot_prod_kernel_fmul_32ns_32ns_32_6_max_dsp_1_U9    |dot_prod_kernel_fmul_32ns_32ns_32_6_max_dsp_1    |        0|      3|  165|  146|
    |dot_prod_kernel_gmem_m_axi_U                        |dot_prod_kernel_gmem_m_axi                       |        2|      0|  512|  580|
    |dot_prod_kernel_mux_325_32_1_1_U10                  |dot_prod_kernel_mux_325_32_1_1                   |        0|      0|    0|  153|
    +----------------------------------------------------+-------------------------------------------------+---------+-------+-----+-----+
    |Total                                               |                                                 |        2|     20| 3290| 3133|
    +----------------------------------------------------+-------------------------------------------------+---------+-------+-----+-----+

    * DSP48: 
    N/A

    * Memory: 
    +--------------+---------------------------+---------+---+----+------+-----+------+-------------+
    |    Memory    |           Module          | BRAM_18K| FF| LUT| Words| Bits| Banks| W*Bits*Banks|
    +--------------+---------------------------+---------+---+----+------+-----+------+-------------+
    |local_a_0_U   |dot_prod_kernel_local_a_0  |        1|  0|   0|   128|   32|     1|         4096|
    |local_a_1_U   |dot_prod_kernel_local_a_0  |        1|  0|   0|   128|   32|     1|         4096|
    |local_a_2_U   |dot_prod_kernel_local_a_0  |        1|  0|   0|   128|   32|     1|         4096|
    |local_a_3_U   |dot_prod_kernel_local_a_0  |        1|  0|   0|   128|   32|     1|         4096|
    |local_a_4_U   |dot_prod_kernel_local_a_0  |        1|  0|   0|   128|   32|     1|         4096|
    |local_a_5_U   |dot_prod_kernel_local_a_0  |        1|  0|   0|   128|   32|     1|         4096|
    |local_a_6_U   |dot_prod_kernel_local_a_0  |        1|  0|   0|   128|   32|     1|         4096|
    |local_a_7_U   |dot_prod_kernel_local_a_0  |        1|  0|   0|   128|   32|     1|         4096|
    |local_a_8_U   |dot_prod_kernel_local_a_0  |        1|  0|   0|   128|   32|     1|         4096|
    |local_a_9_U   |dot_prod_kernel_local_a_0  |        1|  0|   0|   128|   32|     1|         4096|
    |local_a_10_U  |dot_prod_kernel_local_a_0  |        1|  0|   0|   128|   32|     1|         4096|
    |local_a_11_U  |dot_prod_kernel_local_a_0  |        1|  0|   0|   128|   32|     1|         4096|
    |local_a_12_U  |dot_prod_kernel_local_a_0  |        1|  0|   0|   128|   32|     1|         4096|
    |local_a_13_U  |dot_prod_kernel_local_a_0  |        1|  0|   0|   128|   32|     1|         4096|
    |local_a_14_U  |dot_prod_kernel_local_a_0  |        1|  0|   0|   128|   32|     1|         4096|
    |local_a_15_U  |dot_prod_kernel_local_a_0  |        1|  0|   0|   128|   32|     1|         4096|
    |local_a_16_U  |dot_prod_kernel_local_a_0  |        1|  0|   0|   128|   32|     1|         4096|
    |local_a_17_U  |dot_prod_kernel_local_a_0  |        1|  0|   0|   128|   32|     1|         4096|
    |local_a_18_U  |dot_prod_kernel_local_a_0  |        1|  0|   0|   128|   32|     1|         4096|
    |local_a_19_U  |dot_prod_kernel_local_a_0  |        1|  0|   0|   128|   32|     1|         4096|
    |local_a_20_U  |dot_prod_kernel_local_a_0  |        1|  0|   0|   128|   32|     1|         4096|
    |local_a_21_U  |dot_prod_kernel_local_a_0  |        1|  0|   0|   128|   32|     1|         4096|
    |local_a_22_U  |dot_prod_kernel_local_a_0  |        1|  0|   0|   128|   32|     1|         4096|
    |local_a_23_U  |dot_prod_kernel_local_a_0  |        1|  0|   0|   128|   32|     1|         4096|
    |local_a_24_U  |dot_prod_kernel_local_a_0  |        1|  0|   0|   128|   32|     1|         4096|
    |local_a_25_U  |dot_prod_kernel_local_a_0  |        1|  0|   0|   128|   32|     1|         4096|
    |local_a_26_U  |dot_prod_kernel_local_a_0  |        1|  0|   0|   128|   32|     1|         4096|
    |local_a_27_U  |dot_prod_kernel_local_a_0  |        1|  0|   0|   128|   32|     1|         4096|
    |local_a_28_U  |dot_prod_kernel_local_a_0  |        1|  0|   0|   128|   32|     1|         4096|
    |local_a_29_U  |dot_prod_kernel_local_a_0  |        1|  0|   0|   128|   32|     1|         4096|
    |local_a_30_U  |dot_prod_kernel_local_a_0  |        1|  0|   0|   128|   32|     1|         4096|
    |local_a_31_U  |dot_prod_kernel_local_a_0  |        1|  0|   0|   128|   32|     1|         4096|
    |local_b_0_U   |dot_prod_kernel_local_a_0  |        1|  0|   0|   128|   32|     1|         4096|
    |local_b_1_U   |dot_prod_kernel_local_a_0  |        1|  0|   0|   128|   32|     1|         4096|
    |local_b_2_U   |dot_prod_kernel_local_a_0  |        1|  0|   0|   128|   32|     1|         4096|
    |local_b_3_U   |dot_prod_kernel_local_a_0  |        1|  0|   0|   128|   32|     1|         4096|
    |local_b_4_U   |dot_prod_kernel_local_a_0  |        1|  0|   0|   128|   32|     1|         4096|
    |local_b_5_U   |dot_prod_kernel_local_a_0  |        1|  0|   0|   128|   32|     1|         4096|
    |local_b_6_U   |dot_prod_kernel_local_a_0  |        1|  0|   0|   128|   32|     1|         4096|
    |local_b_7_U   |dot_prod_kernel_local_a_0  |        1|  0|   0|   128|   32|     1|         4096|
    |local_b_8_U   |dot_prod_kernel_local_a_0  |        1|  0|   0|   128|   32|     1|         4096|
    |local_b_9_U   |dot_prod_kernel_local_a_0  |        1|  0|   0|   128|   32|     1|         4096|
    |local_b_10_U  |dot_prod_kernel_local_a_0  |        1|  0|   0|   128|   32|     1|         4096|
    |local_b_11_U  |dot_prod_kernel_local_a_0  |        1|  0|   0|   128|   32|     1|         4096|
    |local_b_12_U  |dot_prod_kernel_local_a_0  |        1|  0|   0|   128|   32|     1|         4096|
    |local_b_13_U  |dot_prod_kernel_local_a_0  |        1|  0|   0|   128|   32|     1|         4096|
    |local_b_14_U  |dot_prod_kernel_local_a_0  |        1|  0|   0|   128|   32|     1|         4096|
    |local_b_15_U  |dot_prod_kernel_local_a_0  |        1|  0|   0|   128|   32|     1|         4096|
    |local_b_16_U  |dot_prod_kernel_local_a_0  |        1|  0|   0|   128|   32|     1|         4096|
    |local_b_17_U  |dot_prod_kernel_local_a_0  |        1|  0|   0|   128|   32|     1|         4096|
    |local_b_18_U  |dot_prod_kernel_local_a_0  |        1|  0|   0|   128|   32|     1|         4096|
    |local_b_19_U  |dot_prod_kernel_local_a_0  |        1|  0|   0|   128|   32|     1|         4096|
    |local_b_20_U  |dot_prod_kernel_local_a_0  |        1|  0|   0|   128|   32|     1|         4096|
    |local_b_21_U  |dot_prod_kernel_local_a_0  |        1|  0|   0|   128|   32|     1|         4096|
    |local_b_22_U  |dot_prod_kernel_local_a_0  |        1|  0|   0|   128|   32|     1|         4096|
    |local_b_23_U  |dot_prod_kernel_local_a_0  |        1|  0|   0|   128|   32|     1|         4096|
    |local_b_24_U  |dot_prod_kernel_local_a_0  |        1|  0|   0|   128|   32|     1|         4096|
    |local_b_25_U  |dot_prod_kernel_local_a_0  |        1|  0|   0|   128|   32|     1|         4096|
    |local_b_26_U  |dot_prod_kernel_local_a_0  |        1|  0|   0|   128|   32|     1|         4096|
    |local_b_27_U  |dot_prod_kernel_local_a_0  |        1|  0|   0|   128|   32|     1|         4096|
    |local_b_28_U  |dot_prod_kernel_local_a_0  |        1|  0|   0|   128|   32|     1|         4096|
    |local_b_29_U  |dot_prod_kernel_local_a_0  |        1|  0|   0|   128|   32|     1|         4096|
    |local_b_30_U  |dot_prod_kernel_local_a_0  |        1|  0|   0|   128|   32|     1|         4096|
    |local_b_31_U  |dot_prod_kernel_local_a_0  |        1|  0|   0|   128|   32|     1|         4096|
    +--------------+---------------------------+---------+---+----+------+-----+------+-------------+
    |Total         |                           |       64|  0|   0|  8192| 2048|    64|       262144|
    +--------------+---------------------------+---------+---+----+------+-----+------+-------------+

    * FIFO: 
    N/A

    * Expression: 
    +---------------------------+----------+-------+---+----+------------+------------+
    |       Variable Name       | Operation| DSP48E| FF| LUT| Bitwidth P0| Bitwidth P1|
    +---------------------------+----------+-------+---+----+------------+------------+
    |i_1_fu_2364_p2             |     +    |      0|  0|  20|          13|           1|
    |i_2_fu_2428_p2             |     +    |      0|  0|  20|          13|           1|
    |i_3_fu_2761_p2             |     +    |      0|  0|  15|           8|           1|
    |j_1_fu_2585_p2             |     +    |      0|  0|  15|           6|           1|
    |j_2_fu_2785_p2             |     +    |      0|  0|  15|           6|           1|
    |ap_block_pp0_stage0_11001  |    and   |      0|  0|   2|           1|           1|
    |ap_block_pp1_stage0_11001  |    and   |      0|  0|   2|           1|           1|
    |exitcond2_fu_2755_p2       |   icmp   |      0|  0|  13|           8|           9|
    |exitcond3_fu_2579_p2       |   icmp   |      0|  0|  11|           6|           7|
    |exitcond_fu_2779_p2        |   icmp   |      0|  0|  11|           6|           7|
    |tmp_1_fu_2359_p2           |   icmp   |      0|  0|  20|          32|          32|
    |tmp_4_fu_2423_p2           |   icmp   |      0|  0|  20|          32|          32|
    |ap_enable_pp0              |    xor   |      0|  0|   2|           1|           2|
    |ap_enable_pp1              |    xor   |      0|  0|   2|           1|           2|
    |ap_enable_pp3              |    xor   |      0|  0|   2|           1|           2|
    |ap_enable_pp4              |    xor   |      0|  0|   2|           1|           2|
    |ap_enable_reg_pp0_iter1    |    xor   |      0|  0|   2|           2|           1|
    |ap_enable_reg_pp1_iter1    |    xor   |      0|  0|   2|           2|           1|
    |ap_enable_reg_pp3_iter1    |    xor   |      0|  0|   2|           2|           1|
    |ap_enable_reg_pp4_iter1    |    xor   |      0|  0|   2|           2|           1|
    +---------------------------+----------+-------+---+----+------------+------------+
    |Total                      |          |      0|  0| 180|         144|         106|
    +---------------------------+----------+-------+---+----+------------+------------+

    * Multiplexer: 
    +----------------------------------+-----+-----------+-----+-----------+
    |               Name               | LUT | Input Size| Bits| Total Bits|
    +----------------------------------+-----+-----------+-----+-----------+
    |ap_NS_fsm                         |  205|         47|    1|         47|
    |ap_enable_reg_pp0_iter1           |    9|          2|    1|          2|
    |ap_enable_reg_pp0_iter2           |    9|          2|    1|          2|
    |ap_enable_reg_pp1_iter1           |    9|          2|    1|          2|
    |ap_enable_reg_pp1_iter2           |    9|          2|    1|          2|
    |ap_enable_reg_pp3_iter1           |    9|          2|    1|          2|
    |ap_enable_reg_pp3_iter2           |    9|          2|    1|          2|
    |ap_enable_reg_pp4_iter1           |   15|          3|    1|          3|
    |ap_phi_mux_i2_phi_fu_2195_p4      |    9|          2|    8|         16|
    |ap_phi_mux_j4_phi_fu_2219_p4      |    9|          2|    6|         12|
    |ap_phi_mux_tmp_39_phi_fu_1914_p4  |    9|          2|   32|         64|
    |ap_phi_mux_tmp_40_phi_fu_1924_p4  |    9|          2|   32|         64|
    |ap_phi_mux_tmp_41_phi_fu_1934_p4  |    9|          2|   32|         64|
    |ap_phi_mux_tmp_42_phi_fu_1944_p4  |    9|          2|   32|         64|
    |ap_phi_mux_tmp_43_phi_fu_1954_p4  |    9|          2|   32|         64|
    |ap_phi_mux_tmp_44_phi_fu_1964_p4  |    9|          2|   32|         64|
    |ap_phi_mux_tmp_45_phi_fu_1974_p4  |    9|          2|   32|         64|
    |ap_phi_mux_tmp_46_phi_fu_1984_p4  |    9|          2|   32|         64|
    |ap_phi_mux_tmp_47_phi_fu_1994_p4  |    9|          2|   32|         64|
    |ap_phi_mux_tmp_48_phi_fu_2004_p4  |    9|          2|   32|         64|
    |ap_phi_mux_tmp_49_phi_fu_2014_p4  |    9|          2|   32|         64|
    |ap_phi_mux_tmp_50_phi_fu_2024_p4  |    9|          2|   32|         64|
    |ap_phi_mux_tmp_51_phi_fu_2034_p4  |    9|          2|   32|         64|
    |ap_phi_mux_tmp_52_phi_fu_2044_p4  |    9|          2|   32|         64|
    |ap_phi_mux_tmp_53_phi_fu_2054_p4  |    9|          2|   32|         64|
    |ap_phi_mux_tmp_54_phi_fu_2064_p4  |    9|          2|   32|         64|
    |ap_phi_mux_tmp_55_phi_fu_2074_p4  |    9|          2|   32|         64|
    |ap_phi_mux_tmp_56_phi_fu_2084_p4  |    9|          2|   32|         64|
    |ap_phi_mux_tmp_57_phi_fu_2094_p4  |    9|          2|   32|         64|
    |ap_phi_mux_tmp_58_phi_fu_2104_p4  |    9|          2|   32|         64|
    |ap_phi_mux_tmp_59_phi_fu_2114_p4  |    9|          2|   32|         64|
    |ap_phi_mux_tmp_60_phi_fu_2124_p4  |    9|          2|   32|         64|
    |ap_phi_mux_tmp_61_phi_fu_2134_p4  |    9|          2|   32|         64|
    |ap_phi_mux_tmp_62_phi_fu_2144_p4  |    9|          2|   32|         64|
    |ap_phi_mux_tmp_63_phi_fu_2154_p4  |    9|          2|   32|         64|
    |ap_phi_mux_tmp_64_phi_fu_2164_p4  |    9|          2|   32|         64|
    |ap_phi_mux_tmp_65_phi_fu_2174_p4  |    9|          2|   32|         64|
    |ap_phi_mux_tmp_66_phi_fu_2184_p4  |    9|          2|   32|         64|
    |ap_sig_ioackin_gmem_ARREADY       |    9|          2|    1|          2|
    |ap_sig_ioackin_gmem_AWREADY       |    9|          2|    1|          2|
    |ap_sig_ioackin_gmem_WREADY        |    9|          2|    1|          2|
    |gmem_ARADDR                       |   15|          3|   64|        192|
    |gmem_blk_n_AR                     |    9|          2|    1|          2|
    |gmem_blk_n_AW                     |    9|          2|    1|          2|
    |gmem_blk_n_B                      |    9|          2|    1|          2|
    |gmem_blk_n_R                      |    9|          2|    1|          2|
    |gmem_blk_n_W                      |    9|          2|    1|          2|
    |grp_fu_2226_p0                    |   44|          9|   32|        288|
    |grp_fu_2226_p1                    |   44|          9|   32|        288|
    |grp_fu_2231_p0                    |   44|          9|   32|        288|
    |grp_fu_2231_p1                    |   44|          9|   32|        288|
    |grp_fu_2236_p0                    |   44|          9|   32|        288|
    |grp_fu_2236_p1                    |   44|          9|   32|        288|
    |grp_fu_2241_p0                    |   44|          9|   32|        288|
    |grp_fu_2241_p1                    |   44|          9|   32|        288|
    |grp_fu_2279_p0                    |   44|          9|   32|        288|
    |grp_fu_2279_p1                    |   44|          9|   32|        288|
    |grp_fu_2283_p0                    |   44|          9|   32|        288|
    |grp_fu_2283_p1                    |   44|          9|   32|        288|
    |grp_fu_2287_p0                    |   44|          9|   32|        288|
    |grp_fu_2287_p1                    |   44|          9|   32|        288|
    |grp_fu_2291_p0                    |   44|          9|   32|        288|
    |grp_fu_2291_p1                    |   44|          9|   32|        288|
    |i1_reg_1849                       |    9|          2|   13|         26|
    |i2_reg_2191                       |    9|          2|    8|         16|
    |i_reg_1838                        |    9|          2|   13|         26|
    |j4_reg_2215                       |    9|          2|    6|         12|
    |j_reg_1860                        |    9|          2|    6|         12|
    |local_a_0_address0                |   15|          3|    7|         21|
    |local_a_10_address0               |   15|          3|    7|         21|
    |local_a_11_address0               |   15|          3|    7|         21|
    |local_a_12_address0               |   15|          3|    7|         21|
    |local_a_13_address0               |   15|          3|    7|         21|
    |local_a_14_address0               |   15|          3|    7|         21|
    |local_a_15_address0               |   15|          3|    7|         21|
    |local_a_16_address0               |   15|          3|    7|         21|
    |local_a_17_address0               |   15|          3|    7|         21|
    |local_a_18_address0               |   15|          3|    7|         21|
    |local_a_19_address0               |   15|          3|    7|         21|
    |local_a_1_address0                |   15|          3|    7|         21|
    |local_a_20_address0               |   15|          3|    7|         21|
    |local_a_21_address0               |   15|          3|    7|         21|
    |local_a_22_address0               |   15|          3|    7|         21|
    |local_a_23_address0               |   15|          3|    7|         21|
    |local_a_24_address0               |   15|          3|    7|         21|
    |local_a_25_address0               |   15|          3|    7|         21|
    |local_a_26_address0               |   15|          3|    7|         21|
    |local_a_27_address0               |   15|          3|    7|         21|
    |local_a_28_address0               |   15|          3|    7|         21|
    |local_a_29_address0               |   15|          3|    7|         21|
    |local_a_2_address0                |   15|          3|    7|         21|
    |local_a_30_address0               |   15|          3|    7|         21|
    |local_a_31_address0               |   15|          3|    7|         21|
    |local_a_3_address0                |   15|          3|    7|         21|
    |local_a_4_address0                |   15|          3|    7|         21|
    |local_a_5_address0                |   15|          3|    7|         21|
    |local_a_6_address0                |   15|          3|    7|         21|
    |local_a_7_address0                |   15|          3|    7|         21|
    |local_a_8_address0                |   15|          3|    7|         21|
    |local_a_9_address0                |   15|          3|    7|         21|
    |local_b_0_address0                |   15|          3|    7|         21|
    |local_b_10_address0               |   15|          3|    7|         21|
    |local_b_11_address0               |   15|          3|    7|         21|
    |local_b_12_address0               |   15|          3|    7|         21|
    |local_b_13_address0               |   15|          3|    7|         21|
    |local_b_14_address0               |   15|          3|    7|         21|
    |local_b_15_address0               |   15|          3|    7|         21|
    |local_b_16_address0               |   15|          3|    7|         21|
    |local_b_17_address0               |   15|          3|    7|         21|
    |local_b_18_address0               |   15|          3|    7|         21|
    |local_b_19_address0               |   15|          3|    7|         21|
    |local_b_1_address0                |   15|          3|    7|         21|
    |local_b_20_address0               |   15|          3|    7|         21|
    |local_b_21_address0               |   15|          3|    7|         21|
    |local_b_22_address0               |   15|          3|    7|         21|
    |local_b_23_address0               |   15|          3|    7|         21|
    |local_b_24_address0               |   15|          3|    7|         21|
    |local_b_25_address0               |   15|          3|    7|         21|
    |local_b_26_address0               |   15|          3|    7|         21|
    |local_b_27_address0               |   15|          3|    7|         21|
    |local_b_28_address0               |   15|          3|    7|         21|
    |local_b_29_address0               |   15|          3|    7|         21|
    |local_b_2_address0                |   15|          3|    7|         21|
    |local_b_30_address0               |   15|          3|    7|         21|
    |local_b_31_address0               |   15|          3|    7|         21|
    |local_b_3_address0                |   15|          3|    7|         21|
    |local_b_4_address0                |   15|          3|    7|         21|
    |local_b_5_address0                |   15|          3|    7|         21|
    |local_b_6_address0                |   15|          3|    7|         21|
    |local_b_7_address0                |   15|          3|    7|         21|
    |local_b_8_address0                |   15|          3|    7|         21|
    |local_b_9_address0                |   15|          3|    7|         21|
    |local_result_reg_2202             |    9|          2|   32|         64|
    |tmp_35_reg_1871                   |    9|          2|   32|         64|
    |tmp_36_reg_1881                   |    9|          2|   32|         64|
    |tmp_37_reg_1891                   |    9|          2|   32|         64|
    |tmp_38_reg_1901                   |    9|          2|   32|         64|
    |tmp_39_reg_1911                   |    9|          2|   32|         64|
    |tmp_40_reg_1921                   |    9|          2|   32|         64|
    |tmp_41_reg_1931                   |    9|          2|   32|         64|
    |tmp_42_reg_1941                   |    9|          2|   32|         64|
    |tmp_43_reg_1951                   |    9|          2|   32|         64|
    |tmp_44_reg_1961                   |    9|          2|   32|         64|
    |tmp_45_reg_1971                   |    9|          2|   32|         64|
    |tmp_46_reg_1981                   |    9|          2|   32|         64|
    |tmp_47_reg_1991                   |    9|          2|   32|         64|
    |tmp_48_reg_2001                   |    9|          2|   32|         64|
    |tmp_49_reg_2011                   |    9|          2|   32|         64|
    |tmp_50_reg_2021                   |    9|          2|   32|         64|
    |tmp_51_reg_2031                   |    9|          2|   32|         64|
    |tmp_52_reg_2041                   |    9|          2|   32|         64|
    |tmp_53_reg_2051                   |    9|          2|   32|         64|
    |tmp_54_reg_2061                   |    9|          2|   32|         64|
    |tmp_55_reg_2071                   |    9|          2|   32|         64|
    |tmp_56_reg_2081                   |    9|          2|   32|         64|
    |tmp_57_reg_2091                   |    9|          2|   32|         64|
    |tmp_58_reg_2101                   |    9|          2|   32|         64|
    |tmp_59_reg_2111                   |    9|          2|   32|         64|
    |tmp_60_reg_2121                   |    9|          2|   32|         64|
    |tmp_61_reg_2131                   |    9|          2|   32|         64|
    |tmp_62_reg_2141                   |    9|          2|   32|         64|
    |tmp_63_reg_2151                   |    9|          2|   32|         64|
    |tmp_64_reg_2161                   |    9|          2|   32|         64|
    |tmp_65_reg_2171                   |    9|          2|   32|         64|
    |tmp_66_reg_2181                   |    9|          2|   32|         64|
    +----------------------------------+-----+-----------+-----+-----------+
    |Total                             | 2637|        553| 3052|      10246|
    +----------------------------------+-----+-----------+-----+-----------+

    * Register: 
    +----------------------------------+----+----+-----+-----------+
    |               Name               | FF | LUT| Bits| Const Bits|
    +----------------------------------+----+----+-----+-----------+
    |ap_CS_fsm                         |  46|   0|   46|          0|
    |ap_enable_reg_pp0_iter0           |   1|   0|    1|          0|
    |ap_enable_reg_pp0_iter1           |   1|   0|    1|          0|
    |ap_enable_reg_pp0_iter2           |   1|   0|    1|          0|
    |ap_enable_reg_pp1_iter0           |   1|   0|    1|          0|
    |ap_enable_reg_pp1_iter1           |   1|   0|    1|          0|
    |ap_enable_reg_pp1_iter2           |   1|   0|    1|          0|
    |ap_enable_reg_pp3_iter0           |   1|   0|    1|          0|
    |ap_enable_reg_pp3_iter1           |   1|   0|    1|          0|
    |ap_enable_reg_pp3_iter2           |   1|   0|    1|          0|
    |ap_enable_reg_pp4_iter0           |   1|   0|    1|          0|
    |ap_enable_reg_pp4_iter1           |   1|   0|    1|          0|
    |ap_reg_ioackin_gmem_ARREADY       |   1|   0|    1|          0|
    |ap_reg_ioackin_gmem_AWREADY       |   1|   0|    1|          0|
    |ap_reg_ioackin_gmem_WREADY        |   1|   0|    1|          0|
    |ap_rst_n_inv                      |   1|   0|    1|          0|
    |ap_rst_reg_1                      |   1|   0|    1|          0|
    |ap_rst_reg_2                      |   1|   0|    1|          0|
    |exitcond2_reg_3362                |   1|   0|    1|          0|
    |exitcond_reg_4391                 |   1|   0|    1|          0|
    |gmem_addr_1_read_reg_2963         |  32|   0|   32|          0|
    |gmem_addr_1_reg_2879              |  62|   0|   64|          2|
    |gmem_addr_2_read_reg_2909         |  32|   0|   32|          0|
    |gmem_addr_2_reg_2885              |  62|   0|   64|          2|
    |gmem_addr_reg_2873                |  62|   0|   64|          2|
    |i1_reg_1849                       |  13|   0|   13|          0|
    |i2_reg_2191                       |   8|   0|    8|          0|
    |i3_reg_3371                       |   8|   0|   64|         56|
    |i_3_reg_3366                      |   8|   0|    8|          0|
    |i_reg_1838                        |  13|   0|   13|          0|
    |j4_reg_2215                       |   6|   0|    6|          0|
    |j_2_reg_4395                      |   6|   0|    6|          0|
    |j_reg_1860                        |   6|   0|    6|          0|
    |local_a_0_load_reg_3471           |  32|   0|   32|          0|
    |local_a_10_load_reg_3651          |  32|   0|   32|          0|
    |local_a_11_load_reg_3661          |  32|   0|   32|          0|
    |local_a_12_load_reg_3711          |  32|   0|   32|          0|
    |local_a_13_load_reg_3721          |  32|   0|   32|          0|
    |local_a_14_load_reg_3731          |  32|   0|   32|          0|
    |local_a_15_load_reg_3741          |  32|   0|   32|          0|
    |local_a_16_load_reg_3791          |  32|   0|   32|          0|
    |local_a_17_load_reg_3801          |  32|   0|   32|          0|
    |local_a_18_load_reg_3811          |  32|   0|   32|          0|
    |local_a_19_load_reg_3821          |  32|   0|   32|          0|
    |local_a_1_load_reg_3481           |  32|   0|   32|          0|
    |local_a_20_load_reg_3871          |  32|   0|   32|          0|
    |local_a_21_load_reg_3881          |  32|   0|   32|          0|
    |local_a_22_load_reg_3891          |  32|   0|   32|          0|
    |local_a_23_load_reg_3901          |  32|   0|   32|          0|
    |local_a_24_load_reg_3971          |  32|   0|   32|          0|
    |local_a_25_load_reg_3981          |  32|   0|   32|          0|
    |local_a_26_load_reg_3991          |  32|   0|   32|          0|
    |local_a_27_load_reg_4001          |  32|   0|   32|          0|
    |local_a_28_load_reg_4071          |  32|   0|   32|          0|
    |local_a_29_load_reg_4081          |  32|   0|   32|          0|
    |local_a_2_load_reg_3491           |  32|   0|   32|          0|
    |local_a_30_load_reg_4091          |  32|   0|   32|          0|
    |local_a_31_load_reg_4101          |  32|   0|   32|          0|
    |local_a_3_load_reg_3501           |  32|   0|   32|          0|
    |local_a_4_load_reg_3551           |  32|   0|   32|          0|
    |local_a_5_load_reg_3561           |  32|   0|   32|          0|
    |local_a_6_load_reg_3571           |  32|   0|   32|          0|
    |local_a_7_load_reg_3581           |  32|   0|   32|          0|
    |local_a_8_load_reg_3631           |  32|   0|   32|          0|
    |local_a_9_load_reg_3641           |  32|   0|   32|          0|
    |local_b_0_load_reg_3476           |  32|   0|   32|          0|
    |local_b_10_load_reg_3656          |  32|   0|   32|          0|
    |local_b_11_load_reg_3666          |  32|   0|   32|          0|
    |local_b_12_load_reg_3716          |  32|   0|   32|          0|
    |local_b_13_load_reg_3726          |  32|   0|   32|          0|
    |local_b_14_load_reg_3736          |  32|   0|   32|          0|
    |local_b_15_load_reg_3746          |  32|   0|   32|          0|
    |local_b_16_load_reg_3796          |  32|   0|   32|          0|
    |local_b_17_load_reg_3806          |  32|   0|   32|          0|
    |local_b_18_load_reg_3816          |  32|   0|   32|          0|
    |local_b_19_load_reg_3826          |  32|   0|   32|          0|
    |local_b_1_load_reg_3486           |  32|   0|   32|          0|
    |local_b_20_load_reg_3876          |  32|   0|   32|          0|
    |local_b_21_load_reg_3886          |  32|   0|   32|          0|
    |local_b_22_load_reg_3896          |  32|   0|   32|          0|
    |local_b_23_load_reg_3906          |  32|   0|   32|          0|
    |local_b_24_load_reg_3976          |  32|   0|   32|          0|
    |local_b_25_load_reg_3986          |  32|   0|   32|          0|
    |local_b_26_load_reg_3996          |  32|   0|   32|          0|
    |local_b_27_load_reg_4006          |  32|   0|   32|          0|
    |local_b_28_load_reg_4076          |  32|   0|   32|          0|
    |local_b_29_load_reg_4086          |  32|   0|   32|          0|
    |local_b_2_load_reg_3496           |  32|   0|   32|          0|
    |local_b_30_load_reg_4096          |  32|   0|   32|          0|
    |local_b_31_load_reg_4106          |  32|   0|   32|          0|
    |local_b_3_load_reg_3506           |  32|   0|   32|          0|
    |local_b_4_load_reg_3556           |  32|   0|   32|          0|
    |local_b_5_load_reg_3566           |  32|   0|   32|          0|
    |local_b_6_load_reg_3576           |  32|   0|   32|          0|
    |local_b_7_load_reg_3586           |  32|   0|   32|          0|
    |local_b_8_load_reg_3636           |  32|   0|   32|          0|
    |local_b_9_load_reg_3646           |  32|   0|   32|          0|
    |local_result_reg_2202             |  32|   0|   32|          0|
    |newIndex2_reg_2958                |   8|   0|    8|          0|
    |newIndex2_reg_2958_pp1_iter1_reg  |   8|   0|    8|          0|
    |newIndex_reg_2904                 |   8|   0|    8|          0|
    |newIndex_reg_2904_pp0_iter1_reg   |   8|   0|    8|          0|
    |num_elems_read_reg_2865           |  32|   0|   32|          0|
    |tmp_10_10_reg_4286                |  32|   0|   32|          0|
    |tmp_10_11_reg_4291                |  32|   0|   32|          0|
    |tmp_10_12_reg_4296                |  32|   0|   32|          0|
    |tmp_10_13_reg_4301                |  32|   0|   32|          0|
    |tmp_10_14_reg_4306                |  32|   0|   32|          0|
    |tmp_10_15_reg_4311                |  32|   0|   32|          0|
    |tmp_10_16_reg_4316                |  32|   0|   32|          0|
    |tmp_10_17_reg_4321                |  32|   0|   32|          0|
    |tmp_10_18_reg_4326                |  32|   0|   32|          0|
    |tmp_10_19_reg_4331                |  32|   0|   32|          0|
    |tmp_10_1_reg_4236                 |  32|   0|   32|          0|
    |tmp_10_20_reg_4336                |  32|   0|   32|          0|
    |tmp_10_21_reg_4341                |  32|   0|   32|          0|
    |tmp_10_22_reg_4346                |  32|   0|   32|          0|
    |tmp_10_23_reg_4351                |  32|   0|   32|          0|
    |tmp_10_24_reg_4356                |  32|   0|   32|          0|
    |tmp_10_25_reg_4361                |  32|   0|   32|          0|
    |tmp_10_26_reg_4366                |  32|   0|   32|          0|
    |tmp_10_2_reg_4241                 |  32|   0|   32|          0|
    |tmp_10_3_reg_4246                 |  32|   0|   32|          0|
    |tmp_10_4_reg_4251                 |  32|   0|   32|          0|
    |tmp_10_5_reg_4256                 |  32|   0|   32|          0|
    |tmp_10_6_reg_4261                 |  32|   0|   32|          0|
    |tmp_10_7_reg_4266                 |  32|   0|   32|          0|
    |tmp_10_8_reg_4271                 |  32|   0|   32|          0|
    |tmp_10_9_reg_4276                 |  32|   0|   32|          0|
    |tmp_10_s_reg_4281                 |  32|   0|   32|          0|
    |tmp_35_reg_1871                   |  32|   0|   32|          0|
    |tmp_36_reg_1881                   |  32|   0|   32|          0|
    |tmp_37_reg_1891                   |  32|   0|   32|          0|
    |tmp_38_reg_1901                   |  32|   0|   32|          0|
    |tmp_39_reg_1911                   |  32|   0|   32|          0|
    |tmp_40_reg_1921                   |  32|   0|   32|          0|
    |tmp_41_reg_1931                   |  32|   0|   32|          0|
    |tmp_42_reg_1941                   |  32|   0|   32|          0|
    |tmp_43_reg_1951                   |  32|   0|   32|          0|
    |tmp_44_reg_1961                   |  32|   0|   32|          0|
    |tmp_45_reg_1971                   |  32|   0|   32|          0|
    |tmp_46_reg_1981                   |  32|   0|   32|          0|
    |tmp_47_reg_1991                   |  32|   0|   32|          0|
    |tmp_48_reg_2001                   |  32|   0|   32|          0|
    |tmp_49_reg_2011                   |  32|   0|   32|          0|
    |tmp_50_reg_2021                   |  32|   0|   32|          0|
    |tmp_51_reg_2031                   |  32|   0|   32|          0|
    |tmp_52_reg_2041                   |  32|   0|   32|          0|
    |tmp_53_reg_2051                   |  32|   0|   32|          0|
    |tmp_54_reg_2061                   |  32|   0|   32|          0|
    |tmp_55_reg_2071                   |  32|   0|   32|          0|
    |tmp_56_reg_2081                   |  32|   0|   32|          0|
    |tmp_57_reg_2091                   |  32|   0|   32|          0|
    |tmp_58_reg_2101                   |  32|   0|   32|          0|
    |tmp_59_reg_2111                   |  32|   0|   32|          0|
    |tmp_60_reg_2121                   |  32|   0|   32|          0|
    |tmp_61_reg_2131                   |  32|   0|   32|          0|
    |tmp_62_reg_2141                   |  32|   0|   32|          0|
    |tmp_63_reg_2151                   |  32|   0|   32|          0|
    |tmp_64_reg_2161                   |  32|   0|   32|          0|
    |tmp_65_reg_2171                   |  32|   0|   32|          0|
    |tmp_66_reg_2181                   |  32|   0|   32|          0|
    |tmp_68_reg_3951                   |  32|   0|   32|          0|
    |tmp_71_reg_2900                   |   5|   0|    5|          0|
    |tmp_71_reg_2900_pp0_iter1_reg     |   5|   0|    5|          0|
    |tmp_72_reg_2954                   |   5|   0|    5|          0|
    |tmp_72_reg_2954_pp1_iter1_reg     |   5|   0|    5|          0|
    |tmp_74_reg_4231                   |  32|   0|   32|          0|
    |tmp_76_reg_4400                   |  32|   0|   32|          0|
    |tmp_9_10_reg_4126                 |  32|   0|   32|          0|
    |tmp_9_11_reg_4131                 |  32|   0|   32|          0|
    |tmp_9_12_reg_4136                 |  32|   0|   32|          0|
    |tmp_9_13_reg_4141                 |  32|   0|   32|          0|
    |tmp_9_14_reg_4146                 |  32|   0|   32|          0|
    |tmp_9_15_reg_4151                 |  32|   0|   32|          0|
    |tmp_9_16_reg_4156                 |  32|   0|   32|          0|
    |tmp_9_17_reg_4161                 |  32|   0|   32|          0|
    |tmp_9_18_reg_4166                 |  32|   0|   32|          0|
    |tmp_9_19_reg_4171                 |  32|   0|   32|          0|
    |tmp_9_1_reg_3956                  |  32|   0|   32|          0|
    |tmp_9_20_reg_4176                 |  32|   0|   32|          0|
    |tmp_9_21_reg_4181                 |  32|   0|   32|          0|
    |tmp_9_22_reg_4186                 |  32|   0|   32|          0|
    |tmp_9_23_reg_4191                 |  32|   0|   32|          0|
    |tmp_9_24_reg_4196                 |  32|   0|   32|          0|
    |tmp_9_25_reg_4201                 |  32|   0|   32|          0|
    |tmp_9_26_reg_4206                 |  32|   0|   32|          0|
    |tmp_9_27_reg_4211                 |  32|   0|   32|          0|
    |tmp_9_28_reg_4216                 |  32|   0|   32|          0|
    |tmp_9_29_reg_4221                 |  32|   0|   32|          0|
    |tmp_9_2_reg_3961                  |  32|   0|   32|          0|
    |tmp_9_30_reg_4226                 |  32|   0|   32|          0|
    |tmp_9_3_reg_3966                  |  32|   0|   32|          0|
    |tmp_9_4_reg_4051                  |  32|   0|   32|          0|
    |tmp_9_5_reg_4056                  |  32|   0|   32|          0|
    |tmp_9_6_reg_4061                  |  32|   0|   32|          0|
    |tmp_9_7_reg_4066                  |  32|   0|   32|          0|
    |tmp_9_8_reg_4111                  |  32|   0|   32|          0|
    |tmp_9_9_reg_4116                  |  32|   0|   32|          0|
    |tmp_9_s_reg_4121                  |  32|   0|   32|          0|
    |exitcond2_reg_3362                |  64|  32|    1|          0|
    +----------------------------------+----+----+-----+-----------+
    |Total                             |5587|  32| 5586|         62|
    +----------------------------------+----+----+-----+-----------+



================================================================
== Interface
================================================================
* Summary: 
+-----------------------+-----+-----+------------+-----------------+--------------+
|       RTL Ports       | Dir | Bits|  Protocol  |  Source Object  |    C Type    |
+-----------------------+-----+-----+------------+-----------------+--------------+
|s_axi_control_AWVALID  |  in |    1|    s_axi   |     control     |    scalar    |
|s_axi_control_AWREADY  | out |    1|    s_axi   |     control     |    scalar    |
|s_axi_control_AWADDR   |  in |    6|    s_axi   |     control     |    scalar    |
|s_axi_control_WVALID   |  in |    1|    s_axi   |     control     |    scalar    |
|s_axi_control_WREADY   | out |    1|    s_axi   |     control     |    scalar    |
|s_axi_control_WDATA    |  in |   32|    s_axi   |     control     |    scalar    |
|s_axi_control_WSTRB    |  in |    4|    s_axi   |     control     |    scalar    |
|s_axi_control_ARVALID  |  in |    1|    s_axi   |     control     |    scalar    |
|s_axi_control_ARREADY  | out |    1|    s_axi   |     control     |    scalar    |
|s_axi_control_ARADDR   |  in |    6|    s_axi   |     control     |    scalar    |
|s_axi_control_RVALID   | out |    1|    s_axi   |     control     |    scalar    |
|s_axi_control_RREADY   |  in |    1|    s_axi   |     control     |    scalar    |
|s_axi_control_RDATA    | out |   32|    s_axi   |     control     |    scalar    |
|s_axi_control_RRESP    | out |    2|    s_axi   |     control     |    scalar    |
|s_axi_control_BVALID   | out |    1|    s_axi   |     control     |    scalar    |
|s_axi_control_BREADY   |  in |    1|    s_axi   |     control     |    scalar    |
|s_axi_control_BRESP    | out |    2|    s_axi   |     control     |    scalar    |
|ap_clk                 |  in |    1| ap_ctrl_hs | dot_prod_kernel | return value |
|ap_rst_n               |  in |    1| ap_ctrl_hs | dot_prod_kernel | return value |
|interrupt              | out |    1| ap_ctrl_hs | dot_prod_kernel | return value |
|m_axi_gmem_AWVALID     | out |    1|    m_axi   |       gmem      |    pointer   |
|m_axi_gmem_AWREADY     |  in |    1|    m_axi   |       gmem      |    pointer   |
|m_axi_gmem_AWADDR      | out |   64|    m_axi   |       gmem      |    pointer   |
|m_axi_gmem_AWID        | out |    1|    m_axi   |       gmem      |    pointer   |
|m_axi_gmem_AWLEN       | out |    8|    m_axi   |       gmem      |    pointer   |
|m_axi_gmem_AWSIZE      | out |    3|    m_axi   |       gmem      |    pointer   |
|m_axi_gmem_AWBURST     | out |    2|    m_axi   |       gmem      |    pointer   |
|m_axi_gmem_AWLOCK      | out |    2|    m_axi   |       gmem      |    pointer   |
|m_axi_gmem_AWCACHE     | out |    4|    m_axi   |       gmem      |    pointer   |
|m_axi_gmem_AWPROT      | out |    3|    m_axi   |       gmem      |    pointer   |
|m_axi_gmem_AWQOS       | out |    4|    m_axi   |       gmem      |    pointer   |
|m_axi_gmem_AWREGION    | out |    4|    m_axi   |       gmem      |    pointer   |
|m_axi_gmem_AWUSER      | out |    1|    m_axi   |       gmem      |    pointer   |
|m_axi_gmem_WVALID      | out |    1|    m_axi   |       gmem      |    pointer   |
|m_axi_gmem_WREADY      |  in |    1|    m_axi   |       gmem      |    pointer   |
|m_axi_gmem_WDATA       | out |   32|    m_axi   |       gmem      |    pointer   |
|m_axi_gmem_WSTRB       | out |    4|    m_axi   |       gmem      |    pointer   |
|m_axi_gmem_WLAST       | out |    1|    m_axi   |       gmem      |    pointer   |
|m_axi_gmem_WID         | out |    1|    m_axi   |       gmem      |    pointer   |
|m_axi_gmem_WUSER       | out |    1|    m_axi   |       gmem      |    pointer   |
|m_axi_gmem_ARVALID     | out |    1|    m_axi   |       gmem      |    pointer   |
|m_axi_gmem_ARREADY     |  in |    1|    m_axi   |       gmem      |    pointer   |
|m_axi_gmem_ARADDR      | out |   64|    m_axi   |       gmem      |    pointer   |
|m_axi_gmem_ARID        | out |    1|    m_axi   |       gmem      |    pointer   |
|m_axi_gmem_ARLEN       | out |    8|    m_axi   |       gmem      |    pointer   |
|m_axi_gmem_ARSIZE      | out |    3|    m_axi   |       gmem      |    pointer   |
|m_axi_gmem_ARBURST     | out |    2|    m_axi   |       gmem      |    pointer   |
|m_axi_gmem_ARLOCK      | out |    2|    m_axi   |       gmem      |    pointer   |
|m_axi_gmem_ARCACHE     | out |    4|    m_axi   |       gmem      |    pointer   |
|m_axi_gmem_ARPROT      | out |    3|    m_axi   |       gmem      |    pointer   |
|m_axi_gmem_ARQOS       | out |    4|    m_axi   |       gmem      |    pointer   |
|m_axi_gmem_ARREGION    | out |    4|    m_axi   |       gmem      |    pointer   |
|m_axi_gmem_ARUSER      | out |    1|    m_axi   |       gmem      |    pointer   |
|m_axi_gmem_RVALID      |  in |    1|    m_axi   |       gmem      |    pointer   |
|m_axi_gmem_RREADY      | out |    1|    m_axi   |       gmem      |    pointer   |
|m_axi_gmem_RDATA       |  in |   32|    m_axi   |       gmem      |    pointer   |
|m_axi_gmem_RLAST       |  in |    1|    m_axi   |       gmem      |    pointer   |
|m_axi_gmem_RID         |  in |    1|    m_axi   |       gmem      |    pointer   |
|m_axi_gmem_RUSER       |  in |    1|    m_axi   |       gmem      |    pointer   |
|m_axi_gmem_RRESP       |  in |    2|    m_axi   |       gmem      |    pointer   |
|m_axi_gmem_BVALID      |  in |    1|    m_axi   |       gmem      |    pointer   |
|m_axi_gmem_BREADY      | out |    1|    m_axi   |       gmem      |    pointer   |
|m_axi_gmem_BRESP       |  in |    2|    m_axi   |       gmem      |    pointer   |
|m_axi_gmem_BID         |  in |    1|    m_axi   |       gmem      |    pointer   |
|m_axi_gmem_BUSER       |  in |    1|    m_axi   |       gmem      |    pointer   |
+-----------------------+-----+-----+------------+-----------------+--------------+

