

================================================================
== Vivado HLS Report for 'compute'
================================================================
* Date:           Thu Oct 25 00:31:40 2018

* Version:        2018.2_AR71275_op (Build 2258646 on Thu Jun 14 20:25:20 MDT 2018)
* Project:        digitrec_kernel
* Solution:       solution
* Product family: virtexuplus
* Target device:  xcvu9p-flgb2104-2-i


================================================================
== Performance Estimates
================================================================
+ Timing (ns): 
    * Summary: 
    +--------+-------+----------+------------+
    |  Clock | Target| Estimated| Uncertainty|
    +--------+-------+----------+------------+
    |ap_clk  |   4.00|     2.721|        1.08|
    +--------+-------+----------+------------+

+ Latency (clock cycles): 
    * Summary: 
    +-------+--------+-------+--------+---------+
    |     Latency    |    Interval    | Pipeline|
    |  min  |   max  |  min  |   max  |   Type  |
    +-------+--------+-------+--------+---------+
    |  16357|  282834|  16357|  282834|   none  |
    +-------+--------+-------+--------+---------+

    + Detail: 
        * Instance: 
        +-------------------+--------+-------+-------+-------+-------+---------+
        |                   |        |    Latency    |    Interval   | Pipeline|
        |      Instance     | Module |  min  |  max  |  min  |  max  |   Type  |
        +-------------------+--------+-------+-------+-------+-------+---------+
        |grp_update_fu_907  |update  |  16201|  16201|  16201|  16201|   none  |
        +-------------------+--------+-------+-------+-------+-------+---------+

        * Loop: 
        +----------+-----+--------+----------+-----------+-----------+------------+----------+
        |          |    Latency   | Iteration|  Initiation Interval  |    Trip    |          |
        | Loop Name| min |   max  |  Latency |  achieved |   target  |    Count   | Pipelined|
        +----------+-----+--------+----------+-----------+-----------+------------+----------+
        |- diff    |    1|     226|         2|          1|          1|   0 ~ 225  |    yes   |
        |- Loop 2  |    1|    1800|         1|          1|          1|  1 ~ 1800  |    yes   |
        |- dis_L   |  147|  264600|         3|          3|          1| 49 ~ 88200 |    yes   |
        +----------+-----+--------+----------+-----------+-----------+------------+----------+



================================================================
== Utilization Estimates
================================================================
* Summary: 
+-----------------+---------+-------+---------+---------+-----+
|       Name      | BRAM_18K| DSP48E|    FF   |   LUT   | URAM|
+-----------------+---------+-------+---------+---------+-----+
|DSP              |        -|      1|        -|        -|    -|
|Expression       |        -|      -|        0|     1520|    -|
|FIFO             |        -|      -|        -|        -|    -|
|Instance         |        -|      -|      346|     1378|    -|
|Memory           |       32|      -|        0|        0|    -|
|Multiplexer      |        -|      -|        -|      950|    -|
|Register         |        -|      -|      570|        -|    -|
+-----------------+---------+-------+---------+---------+-----+
|Total            |       32|      1|      916|     3848|    0|
+-----------------+---------+-------+---------+---------+-----+
|Available        |     4320|   6840|  2364480|  1182240|  960|
+-----------------+---------+-------+---------+---------+-----+
|Utilization (%)  |    ~0   |   ~0  |    ~0   |    ~0   |    0|
+-----------------+---------+-------+---------+---------+-----+

+ Detail: 
    * Instance: 
    +------------------------------------+--------------------------------+---------+-------+-----+------+
    |              Instance              |             Module             | BRAM_18K| DSP48E|  FF |  LUT |
    +------------------------------------+--------------------------------+---------+-------+-----+------+
    |digitrec_kernel_mux_832_64_1_1_U94  |digitrec_kernel_mux_832_64_1_1  |        0|      0|    0|    17|
    |digitrec_kernel_mux_832_64_1_1_U95  |digitrec_kernel_mux_832_64_1_1  |        0|      0|    0|    17|
    |grp_update_fu_907                   |update                          |        0|      0|  346|  1344|
    +------------------------------------+--------------------------------+---------+-------+-----+------+
    |Total                               |                                |        0|      0|  346|  1378|
    +------------------------------------+--------------------------------+---------+-------+-----+------+

    * DSP48: 
    +---------------------------------------------+-----------------------------------------+-----------+
    |                   Instance                  |                  Module                 | Expression|
    +---------------------------------------------+-----------------------------------------+-----------+
    |digitrec_kernel_mul_mul_11ns_7ns_17_1_1_U96  |digitrec_kernel_mul_mul_11ns_7ns_17_1_1  |  i0 * i1  |
    +---------------------------------------------+-----------------------------------------+-----------+

    * Memory: 
    +----------------+----------------------+---------+---+----+------+-----+------+-------------+
    |     Memory     |        Module        | BRAM_18K| FF| LUT| Words| Bits| Banks| W*Bits*Banks|
    +----------------+----------------------+---------+---+----+------+-----+------+-------------+
    |local_temp_0_U  |compute_local_temp_0  |        2|  0|   0|   225|   64|     1|        14400|
    |local_temp_1_U  |compute_local_temp_0  |        2|  0|   0|   225|   64|     1|        14400|
    |local_temp_2_U  |compute_local_temp_0  |        2|  0|   0|   225|   64|     1|        14400|
    |local_temp_3_U  |compute_local_temp_0  |        2|  0|   0|   225|   64|     1|        14400|
    |local_temp_4_U  |compute_local_temp_0  |        2|  0|   0|   225|   64|     1|        14400|
    |local_temp_5_U  |compute_local_temp_0  |        2|  0|   0|   225|   64|     1|        14400|
    |local_temp_6_U  |compute_local_temp_0  |        2|  0|   0|   225|   64|     1|        14400|
    |local_temp_7_U  |compute_local_temp_0  |        2|  0|   0|   225|   64|     1|        14400|
    |dis_0_U         |compute_local_temp_0  |        2|  0|   0|   225|   64|     1|        14400|
    |dis_1_U         |compute_local_temp_0  |        2|  0|   0|   225|   64|     1|        14400|
    |dis_2_U         |compute_local_temp_0  |        2|  0|   0|   225|   64|     1|        14400|
    |dis_3_U         |compute_local_temp_0  |        2|  0|   0|   225|   64|     1|        14400|
    |dis_4_U         |compute_local_temp_0  |        2|  0|   0|   225|   64|     1|        14400|
    |dis_5_U         |compute_local_temp_0  |        2|  0|   0|   225|   64|     1|        14400|
    |dis_6_U         |compute_local_temp_0  |        2|  0|   0|   225|   64|     1|        14400|
    |dis_7_U         |compute_local_temp_0  |        2|  0|   0|   225|   64|     1|        14400|
    +----------------+----------------------+---------+---+----+------+-----+------+-------------+
    |Total           |                      |       32|  0|   0|  3600| 1024|    16|       230400|
    +----------------+----------------------+---------+---+----+------+-----+------+-------------+

    * FIFO: 
    N/A

    * Expression: 
    +--------------------------------+----------+-------+---+-----+------------+------------+
    |          Variable Name         | Operation| DSP48E| FF| LUT | Bitwidth P0| Bitwidth P1|
    +--------------------------------+----------+-------+---+-----+------------+------------+
    |i_3_fu_1148_p2                  |     +    |      0|  0|   18|          11|           1|
    |i_s_fu_1207_p2                  |     +    |      0|  0|   15|           1|           6|
    |indvar_flatten_next_fu_1188_p2  |     +    |      0|  0|   24|          17|           1|
    |tmp_13_fu_1331_p2               |     +    |      0|  0|   71|          64|          64|
    |tmp_fu_957_p2                   |     +    |      0|  0|   19|          12|           3|
    |x1_1_7_fu_1089_p2               |     +    |      0|  0|   39|          32|           4|
    |x2_1_fu_1337_p2                 |     +    |      0|  0|   18|          11|           1|
    |tmp_11_fu_1315_p2               |    and   |      0|  0|   49|          49|          49|
    |exitcond2_fu_1143_p2            |   icmp   |      0|  0|   13|          11|          11|
    |exitcond_flatten_fu_1183_p2     |   icmp   |      0|  0|   20|          17|          17|
    |exitcond_fu_1194_p2             |   icmp   |      0|  0|   13|          11|          11|
    |tmp_1_fu_1018_p2                |   icmp   |      0|  0|   20|          32|          32|
    |tmp_2_fu_1029_p2                |   icmp   |      0|  0|   20|          32|          32|
    |tmp_31_fu_985_p2                |   icmp   |      0|  0|   20|          32|          32|
    |tmp_3_fu_1040_p2                |   icmp   |      0|  0|   20|          32|          32|
    |tmp_4_fu_1051_p2                |   icmp   |      0|  0|   20|          32|          32|
    |tmp_5_fu_1062_p2                |   icmp   |      0|  0|   20|          32|          32|
    |tmp_6_fu_1073_p2                |   icmp   |      0|  0|   20|          32|          32|
    |tmp_7_fu_1084_p2                |   icmp   |      0|  0|   20|          32|          32|
    |tmp_12_fu_1321_p2               |   lshr   |      0|  0|  152|          49|          49|
    |ap_predicate_tran3to4_state2    |    or    |      0|  0|    2|           1|           1|
    |x1_1_1_fu_1023_p2               |    or    |      0|  0|   32|          32|           2|
    |x1_1_2_fu_1034_p2               |    or    |      0|  0|   32|          32|           2|
    |x1_1_3_fu_1045_p2               |    or    |      0|  0|   32|          32|           3|
    |x1_1_4_fu_1056_p2               |    or    |      0|  0|   32|          32|           3|
    |x1_1_5_fu_1067_p2               |    or    |      0|  0|   32|          32|           3|
    |x1_1_6_fu_1078_p2               |    or    |      0|  0|   32|          32|           3|
    |x1_1_s_fu_1012_p2               |    or    |      0|  0|   32|          32|           1|
    |tmp_8_cast_mid2_v_fu_1213_p3    |  select  |      0|  0|    6|           1|           6|
    |x2_mid2_fu_1199_p3              |  select  |      0|  0|   11|           1|          11|
    |tmp_9_mid2_fu_1258_p2           |    shl   |      0|  0|  152|           1|          49|
    |ap_enable_pp0                   |    xor   |      0|  0|    2|           1|           2|
    |local_temp_0_d0                 |    xor   |      0|  0|   64|          64|          64|
    |local_temp_1_d0                 |    xor   |      0|  0|   64|          64|          64|
    |local_temp_2_d0                 |    xor   |      0|  0|   64|          64|          64|
    |local_temp_3_d0                 |    xor   |      0|  0|   64|          64|          64|
    |local_temp_4_d0                 |    xor   |      0|  0|   64|          64|          64|
    |local_temp_5_d0                 |    xor   |      0|  0|   64|          64|          64|
    |local_temp_6_d0                 |    xor   |      0|  0|   64|          64|          64|
    |local_temp_7_d0                 |    xor   |      0|  0|   64|          64|          64|
    +--------------------------------+----------+-------+---+-----+------------+------------+
    |Total                           |          |      0|  0| 1520|        1282|        1071|
    +--------------------------------+----------+-------+---+-----+------------+------------+

    * Multiplexer: 
    +-------------------------+----+-----------+-----+-----------+
    |           Name          | LUT| Input Size| Bits| Total Bits|
    +-------------------------+----+-----------+-----+-----------+
    |ap_NS_fsm                |  50|         11|    1|         11|
    |ap_enable_reg_pp0_iter1  |   9|          2|    1|          2|
    |ap_return_0              |   9|          2|    8|         16|
    |ap_return_1              |   9|          2|    8|         16|
    |ap_return_10             |   9|          2|    8|         16|
    |ap_return_11             |   9|          2|    8|         16|
    |ap_return_12             |   9|          2|    8|         16|
    |ap_return_13             |   9|          2|    8|         16|
    |ap_return_14             |   9|          2|    8|         16|
    |ap_return_15             |   9|          2|    8|         16|
    |ap_return_16             |   9|          2|    8|         16|
    |ap_return_17             |   9|          2|    8|         16|
    |ap_return_18             |   9|          2|    8|         16|
    |ap_return_19             |   9|          2|    8|         16|
    |ap_return_2              |   9|          2|    8|         16|
    |ap_return_20             |   9|          2|    8|         16|
    |ap_return_21             |   9|          2|    8|         16|
    |ap_return_22             |   9|          2|    8|         16|
    |ap_return_23             |   9|          2|    8|         16|
    |ap_return_24             |   9|          2|    8|         16|
    |ap_return_25             |   9|          2|    8|         16|
    |ap_return_26             |   9|          2|    8|         16|
    |ap_return_27             |   9|          2|    8|         16|
    |ap_return_28             |   9|          2|    8|         16|
    |ap_return_29             |   9|          2|    8|         16|
    |ap_return_3              |   9|          2|    8|         16|
    |ap_return_4              |   9|          2|    8|         16|
    |ap_return_5              |   9|          2|    8|         16|
    |ap_return_6              |   9|          2|    8|         16|
    |ap_return_7              |   9|          2|    8|         16|
    |ap_return_8              |   9|          2|    8|         16|
    |ap_return_9              |   9|          2|    8|         16|
    |dis_0_address0           |  27|          5|    8|         40|
    |dis_0_ce0                |  15|          3|    1|          3|
    |dis_0_d0                 |  15|          3|   64|        192|
    |dis_1_address0           |  27|          5|    8|         40|
    |dis_1_ce0                |  15|          3|    1|          3|
    |dis_1_d0                 |  15|          3|   64|        192|
    |dis_2_address0           |  27|          5|    8|         40|
    |dis_2_ce0                |  15|          3|    1|          3|
    |dis_2_d0                 |  15|          3|   64|        192|
    |dis_3_address0           |  27|          5|    8|         40|
    |dis_3_ce0                |  15|          3|    1|          3|
    |dis_3_d0                 |  15|          3|   64|        192|
    |dis_4_address0           |  27|          5|    8|         40|
    |dis_4_ce0                |  15|          3|    1|          3|
    |dis_4_d0                 |  15|          3|   64|        192|
    |dis_5_address0           |  27|          5|    8|         40|
    |dis_5_ce0                |  15|          3|    1|          3|
    |dis_5_d0                 |  15|          3|   64|        192|
    |dis_6_address0           |  27|          5|    8|         40|
    |dis_6_ce0                |  15|          3|    1|          3|
    |dis_6_d0                 |  15|          3|   64|        192|
    |dis_7_address0           |  27|          5|    8|         40|
    |dis_7_ce0                |  15|          3|    1|          3|
    |dis_7_d0                 |  15|          3|   64|        192|
    |i1_reg_885               |   9|          2|    6|         12|
    |i_reg_863                |   9|          2|   11|         22|
    |indvar_flatten_reg_874   |   9|          2|   17|         34|
    |local_temp_0_address0    |  15|          3|    8|         24|
    |local_temp_1_address0    |  15|          3|    8|         24|
    |local_temp_2_address0    |  15|          3|    8|         24|
    |local_temp_3_address0    |  15|          3|    8|         24|
    |local_temp_4_address0    |  15|          3|    8|         24|
    |local_temp_5_address0    |  15|          3|    8|         24|
    |local_temp_6_address0    |  15|          3|    8|         24|
    |local_temp_7_address0    |  15|          3|    8|         24|
    |x1_reg_852               |   9|          2|   32|         64|
    |x2_reg_896               |   9|          2|   11|         22|
    +-------------------------+----+-----------+-----+-----------+
    |Total                    | 950|        195|  967|       2719|
    +-------------------------+----+-----------+-----+-----------+

    * Register: 
    +-----------------------------------+----+----+-----+-----------+
    |                Name               | FF | LUT| Bits| Const Bits|
    +-----------------------------------+----+----+-----+-----------+
    |ap_CS_fsm                          |  10|   0|   10|          0|
    |ap_enable_reg_pp0_iter0            |   1|   0|    1|          0|
    |ap_enable_reg_pp0_iter1            |   1|   0|    1|          0|
    |ap_return_0_preg                   |   8|   0|    8|          0|
    |ap_return_10_preg                  |   8|   0|    8|          0|
    |ap_return_11_preg                  |   8|   0|    8|          0|
    |ap_return_12_preg                  |   8|   0|    8|          0|
    |ap_return_13_preg                  |   8|   0|    8|          0|
    |ap_return_14_preg                  |   8|   0|    8|          0|
    |ap_return_15_preg                  |   8|   0|    8|          0|
    |ap_return_16_preg                  |   8|   0|    8|          0|
    |ap_return_17_preg                  |   8|   0|    8|          0|
    |ap_return_18_preg                  |   8|   0|    8|          0|
    |ap_return_19_preg                  |   8|   0|    8|          0|
    |ap_return_1_preg                   |   8|   0|    8|          0|
    |ap_return_20_preg                  |   8|   0|    8|          0|
    |ap_return_21_preg                  |   8|   0|    8|          0|
    |ap_return_22_preg                  |   8|   0|    8|          0|
    |ap_return_23_preg                  |   8|   0|    8|          0|
    |ap_return_24_preg                  |   8|   0|    8|          0|
    |ap_return_25_preg                  |   8|   0|    8|          0|
    |ap_return_26_preg                  |   8|   0|    8|          0|
    |ap_return_27_preg                  |   8|   0|    8|          0|
    |ap_return_28_preg                  |   8|   0|    8|          0|
    |ap_return_29_preg                  |   8|   0|    8|          0|
    |ap_return_2_preg                   |   8|   0|    8|          0|
    |ap_return_3_preg                   |   8|   0|    8|          0|
    |ap_return_4_preg                   |   8|   0|    8|          0|
    |ap_return_5_preg                   |   8|   0|    8|          0|
    |ap_return_6_preg                   |   8|   0|    8|          0|
    |ap_return_7_preg                   |   8|   0|    8|          0|
    |ap_return_8_preg                   |   8|   0|    8|          0|
    |ap_return_9_preg                   |   8|   0|    8|          0|
    |bound_reg_1633                     |  17|   0|   17|          0|
    |dis_0_addr_1_reg_1663              |   8|   0|    8|          0|
    |dis_1_addr_1_reg_1668              |   8|   0|    8|          0|
    |dis_2_addr_1_reg_1673              |   8|   0|    8|          0|
    |dis_3_addr_1_reg_1678              |   8|   0|    8|          0|
    |dis_4_addr_1_reg_1683              |   8|   0|    8|          0|
    |dis_5_addr_1_reg_1688              |   8|   0|    8|          0|
    |dis_6_addr_1_reg_1693              |   8|   0|    8|          0|
    |dis_7_addr_1_reg_1698              |   8|   0|    8|          0|
    |exitcond_flatten_reg_1638          |   1|   0|    1|          0|
    |grp_update_fu_907_ap_start_reg     |   1|   0|    1|          0|
    |i1_reg_885                         |   6|   0|    6|          0|
    |i_reg_863                          |  11|   0|   11|          0|
    |indvar_flatten_next_reg_1642       |  17|   0|   17|          0|
    |indvar_flatten_reg_874             |  17|   0|   17|          0|
    |local_num_elements_cast1_reg_1517  |  11|   0|   32|         21|
    |newIndex5_reg_1537                 |  29|   0|   64|         35|
    |p_cast4_reg_1528                   |   9|   0|   32|         23|
    |tmp_13_reg_1743                    |  64|   0|   64|          0|
    |tmp_1_reg_1554                     |   1|   0|    1|          0|
    |tmp_2_reg_1563                     |   1|   0|    1|          0|
    |tmp_31_reg_1533                    |   1|   0|    1|          0|
    |tmp_33_reg_1658                    |   3|   0|    3|          0|
    |tmp_3_reg_1572                     |   1|   0|    1|          0|
    |tmp_4_reg_1581                     |   1|   0|    1|          0|
    |tmp_5_reg_1590                     |   1|   0|    1|          0|
    |tmp_6_reg_1599                     |   1|   0|    1|          0|
    |tmp_7_reg_1608                     |   1|   0|    1|          0|
    |tmp_8_cast_mid2_v_reg_1652         |   6|   0|    6|          0|
    |x1_reg_852                         |  32|   0|   32|          0|
    |x2_mid2_reg_1647                   |  11|   0|   11|          0|
    |x2_reg_896                         |  11|   0|   11|          0|
    +-----------------------------------+----+----+-----+-----------+
    |Total                              | 570|   0|  649|         79|
    +-----------------------------------+----+----+-----+-----------+



================================================================
== Interface
================================================================
* Summary: 
+-------------------------+-----+-----+------------+--------------------+--------------+
|        RTL Ports        | Dir | Bits|  Protocol  |    Source Object   |    C Type    |
+-------------------------+-----+-----+------------+--------------------+--------------+
|ap_clk                   |  in |    1| ap_ctrl_hs |       compute      | return value |
|ap_rst                   |  in |    1| ap_ctrl_hs |       compute      | return value |
|ap_start                 |  in |    1| ap_ctrl_hs |       compute      | return value |
|ap_done                  | out |    1| ap_ctrl_hs |       compute      | return value |
|ap_idle                  | out |    1| ap_ctrl_hs |       compute      | return value |
|ap_ready                 | out |    1| ap_ctrl_hs |       compute      | return value |
|ap_return_0              | out |    8| ap_ctrl_hs |       compute      | return value |
|ap_return_1              | out |    8| ap_ctrl_hs |       compute      | return value |
|ap_return_2              | out |    8| ap_ctrl_hs |       compute      | return value |
|ap_return_3              | out |    8| ap_ctrl_hs |       compute      | return value |
|ap_return_4              | out |    8| ap_ctrl_hs |       compute      | return value |
|ap_return_5              | out |    8| ap_ctrl_hs |       compute      | return value |
|ap_return_6              | out |    8| ap_ctrl_hs |       compute      | return value |
|ap_return_7              | out |    8| ap_ctrl_hs |       compute      | return value |
|ap_return_8              | out |    8| ap_ctrl_hs |       compute      | return value |
|ap_return_9              | out |    8| ap_ctrl_hs |       compute      | return value |
|ap_return_10             | out |    8| ap_ctrl_hs |       compute      | return value |
|ap_return_11             | out |    8| ap_ctrl_hs |       compute      | return value |
|ap_return_12             | out |    8| ap_ctrl_hs |       compute      | return value |
|ap_return_13             | out |    8| ap_ctrl_hs |       compute      | return value |
|ap_return_14             | out |    8| ap_ctrl_hs |       compute      | return value |
|ap_return_15             | out |    8| ap_ctrl_hs |       compute      | return value |
|ap_return_16             | out |    8| ap_ctrl_hs |       compute      | return value |
|ap_return_17             | out |    8| ap_ctrl_hs |       compute      | return value |
|ap_return_18             | out |    8| ap_ctrl_hs |       compute      | return value |
|ap_return_19             | out |    8| ap_ctrl_hs |       compute      | return value |
|ap_return_20             | out |    8| ap_ctrl_hs |       compute      | return value |
|ap_return_21             | out |    8| ap_ctrl_hs |       compute      | return value |
|ap_return_22             | out |    8| ap_ctrl_hs |       compute      | return value |
|ap_return_23             | out |    8| ap_ctrl_hs |       compute      | return value |
|ap_return_24             | out |    8| ap_ctrl_hs |       compute      | return value |
|ap_return_25             | out |    8| ap_ctrl_hs |       compute      | return value |
|ap_return_26             | out |    8| ap_ctrl_hs |       compute      | return value |
|ap_return_27             | out |    8| ap_ctrl_hs |       compute      | return value |
|ap_return_28             | out |    8| ap_ctrl_hs |       compute      | return value |
|ap_return_29             | out |    8| ap_ctrl_hs |       compute      | return value |
|test_image               |  in |   64|   ap_none  |     test_image     |    scalar    |
|train_images_0_address0  | out |    8|  ap_memory |   train_images_0   |     array    |
|train_images_0_ce0       | out |    1|  ap_memory |   train_images_0   |     array    |
|train_images_0_q0        |  in |   64|  ap_memory |   train_images_0   |     array    |
|train_images_1_address0  | out |    8|  ap_memory |   train_images_1   |     array    |
|train_images_1_ce0       | out |    1|  ap_memory |   train_images_1   |     array    |
|train_images_1_q0        |  in |   64|  ap_memory |   train_images_1   |     array    |
|train_images_2_address0  | out |    8|  ap_memory |   train_images_2   |     array    |
|train_images_2_ce0       | out |    1|  ap_memory |   train_images_2   |     array    |
|train_images_2_q0        |  in |   64|  ap_memory |   train_images_2   |     array    |
|train_images_3_address0  | out |    8|  ap_memory |   train_images_3   |     array    |
|train_images_3_ce0       | out |    1|  ap_memory |   train_images_3   |     array    |
|train_images_3_q0        |  in |   64|  ap_memory |   train_images_3   |     array    |
|train_images_4_address0  | out |    8|  ap_memory |   train_images_4   |     array    |
|train_images_4_ce0       | out |    1|  ap_memory |   train_images_4   |     array    |
|train_images_4_q0        |  in |   64|  ap_memory |   train_images_4   |     array    |
|train_images_5_address0  | out |    8|  ap_memory |   train_images_5   |     array    |
|train_images_5_ce0       | out |    1|  ap_memory |   train_images_5   |     array    |
|train_images_5_q0        |  in |   64|  ap_memory |   train_images_5   |     array    |
|train_images_6_address0  | out |    8|  ap_memory |   train_images_6   |     array    |
|train_images_6_ce0       | out |    1|  ap_memory |   train_images_6   |     array    |
|train_images_6_q0        |  in |   64|  ap_memory |   train_images_6   |     array    |
|train_images_7_address0  | out |    8|  ap_memory |   train_images_7   |     array    |
|train_images_7_ce0       | out |    1|  ap_memory |   train_images_7   |     array    |
|train_images_7_q0        |  in |   64|  ap_memory |   train_images_7   |     array    |
|knn_mat_0_0_read         |  in |    8|   ap_none  |  knn_mat_0_0_read  |    scalar    |
|knn_mat_0_1_read         |  in |    8|   ap_none  |  knn_mat_0_1_read  |    scalar    |
|knn_mat_0_2_read         |  in |    8|   ap_none  |  knn_mat_0_2_read  |    scalar    |
|knn_mat_0_3_read         |  in |    8|   ap_none  |  knn_mat_0_3_read  |    scalar    |
|knn_mat_1_0_read         |  in |    8|   ap_none  |  knn_mat_1_0_read  |    scalar    |
|knn_mat_1_1_read         |  in |    8|   ap_none  |  knn_mat_1_1_read  |    scalar    |
|knn_mat_1_2_read         |  in |    8|   ap_none  |  knn_mat_1_2_read  |    scalar    |
|knn_mat_1_3_read         |  in |    8|   ap_none  |  knn_mat_1_3_read  |    scalar    |
|knn_mat_2_0_read         |  in |    8|   ap_none  |  knn_mat_2_0_read  |    scalar    |
|knn_mat_2_1_read         |  in |    8|   ap_none  |  knn_mat_2_1_read  |    scalar    |
|knn_mat_2_2_read         |  in |    8|   ap_none  |  knn_mat_2_2_read  |    scalar    |
|knn_mat_2_3_read         |  in |    8|   ap_none  |  knn_mat_2_3_read  |    scalar    |
|knn_mat_3_0_read         |  in |    8|   ap_none  |  knn_mat_3_0_read  |    scalar    |
|knn_mat_3_1_read         |  in |    8|   ap_none  |  knn_mat_3_1_read  |    scalar    |
|knn_mat_3_2_read         |  in |    8|   ap_none  |  knn_mat_3_2_read  |    scalar    |
|knn_mat_3_3_read         |  in |    8|   ap_none  |  knn_mat_3_3_read  |    scalar    |
|knn_mat_4_0_read         |  in |    8|   ap_none  |  knn_mat_4_0_read  |    scalar    |
|knn_mat_4_1_read         |  in |    8|   ap_none  |  knn_mat_4_1_read  |    scalar    |
|knn_mat_4_2_read         |  in |    8|   ap_none  |  knn_mat_4_2_read  |    scalar    |
|knn_mat_4_3_read         |  in |    8|   ap_none  |  knn_mat_4_3_read  |    scalar    |
|knn_mat_5_0_read         |  in |    8|   ap_none  |  knn_mat_5_0_read  |    scalar    |
|knn_mat_5_1_read         |  in |    8|   ap_none  |  knn_mat_5_1_read  |    scalar    |
|knn_mat_5_2_read         |  in |    8|   ap_none  |  knn_mat_5_2_read  |    scalar    |
|knn_mat_5_3_read         |  in |    8|   ap_none  |  knn_mat_5_3_read  |    scalar    |
|knn_mat_6_0_read         |  in |    8|   ap_none  |  knn_mat_6_0_read  |    scalar    |
|knn_mat_6_1_read         |  in |    8|   ap_none  |  knn_mat_6_1_read  |    scalar    |
|knn_mat_6_2_read         |  in |    8|   ap_none  |  knn_mat_6_2_read  |    scalar    |
|knn_mat_7_0_read         |  in |    8|   ap_none  |  knn_mat_7_0_read  |    scalar    |
|knn_mat_7_1_read         |  in |    8|   ap_none  |  knn_mat_7_1_read  |    scalar    |
|knn_mat_7_2_read         |  in |    8|   ap_none  |  knn_mat_7_2_read  |    scalar    |
|local_num_elements       |  in |   11|   ap_none  | local_num_elements |    scalar    |
+-------------------------+-----+-----+------------+--------------------+--------------+

